[ 2017-06-13T09:41:40+08:00 ] ::1 /wxx/
INFO: [ app_init ] --START--
INFO: Run Behavior\BuildLiteBehavior [ RunTime:0.000000s ]
INFO: [ app_init ] --END-- [ RunTime:0.000000s ]
INFO: [ app_begin ] --START--
INFO: Run Behavior\ReadHtmlCacheBehavior [ RunTime:0.000000s ]
INFO: [ app_begin ] --END-- [ RunTime:0.000000s ]
INFO: [ app_end ] --START--
INFO: Run Behavior\ShowPageTraceBehavior [ RunTime:0.002000s ]
INFO: [ app_end ] --END-- [ RunTime:0.002000s ]

[ 2017-06-13T09:41:44+08:00 ] ::1 /wxx/index.php/Home/Index/test1
INFO: [ app_init ] --START--
INFO: Run Behavior\BuildLiteBehavior [ RunTime:0.000000s ]
INFO: [ app_init ] --END-- [ RunTime:0.001000s ]
INFO: [ app_begin ] --START--
INFO: Run Behavior\ReadHtmlCacheBehavior [ RunTime:0.002000s ]
INFO: [ app_begin ] --END-- [ RunTime:0.002000s ]
NOTIC: [2] Missing argument 1 for Think\Controller::show(), called in D:\phpStudy\WWW\wxx\home\Home\Controller\IndexController.class.php on line 41 and defined D:\phpStudy\WWW\wxx\ThinkPHP\Library\Think\Controller.class.php 第 68 行.
NOTIC: [8] Undefined variable: content D:\phpStudy\WWW\wxx\ThinkPHP\Library\Think\Controller.class.php 第 69 行.
INFO: [ view_parse ] --START--
INFO: [ template_filter ] --START--
INFO: Run Behavior\ContentReplaceBehavior [ RunTime:0.000000s ]
INFO: [ template_filter ] --END-- [ RunTime:0.000000s ]
INFO: Run Behavior\ParseTemplateBehavior [ RunTime:0.043003s ]
INFO: [ view_parse ] --END-- [ RunTime:0.043003s ]
INFO: [ view_filter ] --START--
INFO: Run Behavior\WriteHtmlCacheBehavior [ RunTime:0.003000s ]
INFO: [ view_filter ] --END-- [ RunTime:0.003000s ]
INFO: [ app_end ] --START--
INFO: Run Behavior\ShowPageTraceBehavior [ RunTime:0.001000s ]
INFO: [ app_end ] --END-- [ RunTime:0.001000s ]

[ 2017-06-13T09:45:44+08:00 ] ::1 /wxx/index.php/Home/Index/test7
INFO: [ app_init ] --START--
INFO: Run Behavior\BuildLiteBehavior [ RunTime:0.000000s ]
INFO: [ app_init ] --END-- [ RunTime:0.001000s ]
INFO: [ app_begin ] --START--
INFO: Run Behavior\ReadHtmlCacheBehavior [ RunTime:0.001000s ]
INFO: [ app_begin ] --END-- [ RunTime:0.001000s ]
NOTIC: [8] Undefined index: post_content D:\phpStudy\WWW\wxx\home\Home\Controller\IndexController.class.php 第 139 行.
NOTIC: [8] Undefined index: title D:\phpStudy\WWW\wxx\home\Home\Controller\IndexController.class.php 第 140 行.
NOTIC: [8] Undefined index: author D:\phpStudy\WWW\wxx\home\Home\Controller\IndexController.class.php 第 141 行.
NOTIC: [8] Undefined index: thumb_media_id D:\phpStudy\WWW\wxx\home\Home\Controller\IndexController.class.php 第 190 行.
INFO: [ app_end ] --START--
INFO: Run Behavior\ShowPageTraceBehavior [ RunTime:0.001000s ]
INFO: [ app_end ] --END-- [ RunTime:0.001000s ]

[ 2017-06-13T09:48:53+08:00 ] ::1 /wxx/index.php/Home/Index/test11
INFO: [ app_init ] --START--
INFO: Run Behavior\BuildLiteBehavior [ RunTime:0.000000s ]
INFO: [ app_init ] --END-- [ RunTime:0.000000s ]
INFO: [ app_begin ] --START--
INFO: Run Behavior\ReadHtmlCacheBehavior [ RunTime:0.000000s ]
INFO: [ app_begin ] --END-- [ RunTime:0.000000s ]
NOTIC: [8] Undefined variable: data D:\phpStudy\WWW\wxx\home\Home\Controller\IndexController.class.php 第 189 行.
NOTIC: [8] Undefined index: thumb_media_id D:\phpStudy\WWW\wxx\home\Home\Controller\IndexController.class.php 第 189 行.
INFO: [ app_end ] --START--
INFO: Run Behavior\ShowPageTraceBehavior [ RunTime:0.001000s ]
INFO: [ app_end ] --END-- [ RunTime:0.002001s ]

[ 2017-06-13T09:51:26+08:00 ] ::1 /wxx/index.php/Home/Index/test11
INFO: [ app_init ] --START--
INFO: Run Behavior\BuildLiteBehavior [ RunTime:0.000000s ]
INFO: [ app_init ] --END-- [ RunTime:0.000000s ]
INFO: [ app_begin ] --START--
INFO: Run Behavior\ReadHtmlCacheBehavior [ RunTime:0.001000s ]
INFO: [ app_begin ] --END-- [ RunTime:0.001000s ]
NOTIC: [8] Undefined index: thumb_media_id D:\phpStudy\WWW\wxx\home\Home\Controller\IndexController.class.php 第 190 行.
INFO: [ app_end ] --START--
INFO: Run Behavior\ShowPageTraceBehavior [ RunTime:0.001000s ]
INFO: [ app_end ] --END-- [ RunTime:0.001000s ]

[ 2017-06-13T09:54:42+08:00 ] ::1 /wxx/index.php/Home/Index/test11
INFO: [ app_init ] --START--
INFO: Run Behavior\BuildLiteBehavior [ RunTime:0.000000s ]
INFO: [ app_init ] --END-- [ RunTime:0.001000s ]
INFO: [ app_begin ] --START--
INFO: Run Behavior\ReadHtmlCacheBehavior [ RunTime:0.000000s ]
INFO: [ app_begin ] --END-- [ RunTime:0.000000s ]
NOTIC: [8] Undefined index: thumb_media_id D:\phpStudy\WWW\wxx\home\Home\Controller\IndexController.class.php 第 190 行.
INFO: [ app_end ] --START--
INFO: Run Behavior\ShowPageTraceBehavior [ RunTime:0.002000s ]
INFO: [ app_end ] --END-- [ RunTime:0.002000s ]

[ 2017-06-13T09:57:05+08:00 ] ::1 /wxx/index.php/Home/Index/test11
INFO: [ app_init ] --START--
INFO: Run Behavior\BuildLiteBehavior [ RunTime:0.000000s ]
INFO: [ app_init ] --END-- [ RunTime:0.000000s ]
INFO: [ app_begin ] --START--
INFO: Run Behavior\ReadHtmlCacheBehavior [ RunTime:0.000000s ]
INFO: [ app_begin ] --END-- [ RunTime:0.000000s ]
NOTIC: [8] Undefined index: thumb_media_id D:\phpStudy\WWW\wxx\home\Home\Controller\IndexController.class.php 第 190 行.
INFO: [ app_end ] --START--
INFO: Run Behavior\ShowPageTraceBehavior [ RunTime:0.001000s ]
INFO: [ app_end ] --END-- [ RunTime:0.002000s ]

[ 2017-06-13T09:57:34+08:00 ] ::1 /wxx/index.php/Home/Index/test11
INFO: [ app_init ] --START--
INFO: Run Behavior\BuildLiteBehavior [ RunTime:0.000000s ]
INFO: [ app_init ] --END-- [ RunTime:0.000000s ]
INFO: [ app_begin ] --START--
INFO: Run Behavior\ReadHtmlCacheBehavior [ RunTime:0.000000s ]
INFO: [ app_begin ] --END-- [ RunTime:0.001000s ]
INFO: [ app_end ] --START--
INFO: Run Behavior\ShowPageTraceBehavior [ RunTime:0.001000s ]
INFO: [ app_end ] --END-- [ RunTime:0.001000s ]

[ 2017-06-13T09:57:43+08:00 ] ::1 /wxx/index.php
INFO: [ app_init ] --START--
INFO: Run Behavior\BuildLiteBehavior [ RunTime:0.000000s ]
INFO: [ app_init ] --END-- [ RunTime:0.000000s ]
INFO: [ app_begin ] --START--
INFO: Run Behavior\ReadHtmlCacheBehavior [ RunTime:0.000000s ]
INFO: [ app_begin ] --END-- [ RunTime:0.000000s ]
INFO: [ app_end ] --START--
INFO: Run Behavior\ShowPageTraceBehavior [ RunTime:0.000000s ]
INFO: [ app_end ] --END-- [ RunTime:0.000000s ]

[ 2017-06-13T09:58:07+08:00 ] ::1 /wxx/index.php/Home/Index/test11
INFO: [ app_init ] --START--
INFO: Run Behavior\BuildLiteBehavior [ RunTime:0.000000s ]
INFO: [ app_init ] --END-- [ RunTime:0.000000s ]
INFO: [ app_begin ] --START--
INFO: Run Behavior\ReadHtmlCacheBehavior [ RunTime:0.000000s ]
INFO: [ app_begin ] --END-- [ RunTime:0.000000s ]
INFO: [ app_end ] --START--
INFO: Run Behavior\ShowPageTraceBehavior [ RunTime:0.001000s ]
INFO: [ app_end ] --END-- [ RunTime:0.001000s ]

[ 2017-06-13T10:01:51+08:00 ] ::1 /wxx/index.php/Home/Index/test7
INFO: [ app_init ] --START--
INFO: Run Behavior\BuildLiteBehavior [ RunTime:0.000000s ]
INFO: [ app_init ] --END-- [ RunTime:0.001000s ]
INFO: [ app_begin ] --START--
INFO: Run Behavior\ReadHtmlCacheBehavior [ RunTime:0.000000s ]
INFO: [ app_begin ] --END-- [ RunTime:0.000000s ]
NOTIC: [8] Undefined index: post_content D:\phpStudy\WWW\wxx\home\Home\Controller\IndexController.class.php 第 139 行.
NOTIC: [8] Undefined index: title D:\phpStudy\WWW\wxx\home\Home\Controller\IndexController.class.php 第 140 行.
NOTIC: [8] Undefined index: author D:\phpStudy\WWW\wxx\home\Home\Controller\IndexController.class.php 第 141 行.
INFO: [ app_end ] --START--
INFO: Run Behavior\ShowPageTraceBehavior [ RunTime:0.001000s ]
INFO: [ app_end ] --END-- [ RunTime:0.001000s ]

[ 2017-06-13T10:03:07+08:00 ] ::1 /wxx/index.php/Home/Index/test7
INFO: [ app_init ] --START--
INFO: Run Behavior\BuildLiteBehavior [ RunTime:0.000000s ]
INFO: [ app_init ] --END-- [ RunTime:0.001000s ]
INFO: [ app_begin ] --START--
INFO: Run Behavior\ReadHtmlCacheBehavior [ RunTime:0.000000s ]
INFO: [ app_begin ] --END-- [ RunTime:0.000000s ]
NOTIC: [8] Undefined index: post_content D:\phpStudy\WWW\wxx\home\Home\Controller\IndexController.class.php 第 139 行.
NOTIC: [8] Undefined index: title D:\phpStudy\WWW\wxx\home\Home\Controller\IndexController.class.php 第 140 行.
NOTIC: [8] Undefined index: author D:\phpStudy\WWW\wxx\home\Home\Controller\IndexController.class.php 第 141 行.
INFO: [ app_end ] --START--
INFO: Run Behavior\ShowPageTraceBehavior [ RunTime:0.002000s ]
INFO: [ app_end ] --END-- [ RunTime:0.002000s ]

[ 2017-06-13T10:04:05+08:00 ] ::1 /wxx/index.php/Home/Index/test7
INFO: [ app_init ] --START--
INFO: Run Behavior\BuildLiteBehavior [ RunTime:0.000000s ]
INFO: [ app_init ] --END-- [ RunTime:0.001000s ]
INFO: [ app_begin ] --START--
INFO: Run Behavior\ReadHtmlCacheBehavior [ RunTime:0.002001s ]
INFO: [ app_begin ] --END-- [ RunTime:0.002001s ]
NOTIC: [8] Undefined index: post_content D:\phpStudy\WWW\wxx\home\Home\Controller\IndexController.class.php 第 139 行.
NOTIC: [8] Undefined index: title D:\phpStudy\WWW\wxx\home\Home\Controller\IndexController.class.php 第 140 行.
NOTIC: [8] Undefined index: author D:\phpStudy\WWW\wxx\home\Home\Controller\IndexController.class.php 第 141 行.
INFO: [ app_end ] --START--
INFO: Run Behavior\ShowPageTraceBehavior [ RunTime:0.002000s ]
INFO: [ app_end ] --END-- [ RunTime:0.002000s ]

[ 2017-06-13T10:37:11+08:00 ] ::1 /wxx/index.php/Home/Index/test7
INFO: [ app_init ] --START--
INFO: Run Behavior\BuildLiteBehavior [ RunTime:0.000000s ]
INFO: [ app_init ] --END-- [ RunTime:0.001000s ]
INFO: [ app_begin ] --START--
INFO: Run Behavior\ReadHtmlCacheBehavior [ RunTime:0.000000s ]
INFO: [ app_begin ] --END-- [ RunTime:0.001000s ]
NOTIC: [8] Undefined index: post_content D:\phpStudy\WWW\wxx\home\Home\Controller\IndexController.class.php 第 139 行.
NOTIC: [8] Undefined index: title D:\phpStudy\WWW\wxx\home\Home\Controller\IndexController.class.php 第 140 行.
NOTIC: [8] Undefined index: author D:\phpStudy\WWW\wxx\home\Home\Controller\IndexController.class.php 第 141 行.
NOTIC: [8] Undefined variable: thumb D:\phpStudy\WWW\wxx\home\Home\Controller\IndexController.class.php 第 148 行.
NOTIC: [8] Undefined index: thumb_media_id D:\phpStudy\WWW\wxx\home\Home\Controller\IndexController.class.php 第 210 行.
INFO: [ app_end ] --START--
INFO: Run Behavior\ShowPageTraceBehavior [ RunTime:0.002000s ]
INFO: [ app_end ] --END-- [ RunTime:0.002000s ]

[ 2017-06-13T10:40:38+08:00 ] ::1 /wxx/index.php/Home/Index/test7
INFO: [ app_init ] --START--
INFO: Run Behavior\BuildLiteBehavior [ RunTime:0.000000s ]
INFO: [ app_init ] --END-- [ RunTime:0.001000s ]
INFO: [ app_begin ] --START--
INFO: Run Behavior\ReadHtmlCacheBehavior [ RunTime:0.001000s ]
INFO: [ app_begin ] --END-- [ RunTime:0.001000s ]
NOTIC: [8] Undefined index: post_content D:\phpStudy\WWW\wxx\home\Home\Controller\IndexController.class.php 第 139 行.
NOTIC: [8] Undefined index: title D:\phpStudy\WWW\wxx\home\Home\Controller\IndexController.class.php 第 140 行.
NOTIC: [8] Undefined index: author D:\phpStudy\WWW\wxx\home\Home\Controller\IndexController.class.php 第 141 行.
NOTIC: [8] Undefined index: thumb_media_id D:\phpStudy\WWW\wxx\home\Home\Controller\IndexController.class.php 第 210 行.
INFO: [ app_end ] --START--
INFO: Run Behavior\ShowPageTraceBehavior [ RunTime:0.002000s ]
INFO: [ app_end ] --END-- [ RunTime:0.002000s ]

[ 2017-06-13T10:43:12+08:00 ] ::1 /wxx/index.php/Home/Index/test7
INFO: [ app_init ] --START--
INFO: Run Behavior\BuildLiteBehavior [ RunTime:0.000000s ]
INFO: [ app_init ] --END-- [ RunTime:0.000000s ]
INFO: [ app_begin ] --START--
INFO: Run Behavior\ReadHtmlCacheBehavior [ RunTime:0.001000s ]
INFO: [ app_begin ] --END-- [ RunTime:0.001000s ]
NOTIC: [8] Undefined index: post_content D:\phpStudy\WWW\wxx\home\Home\Controller\IndexController.class.php 第 139 行.
NOTIC: [8] Undefined index: title D:\phpStudy\WWW\wxx\home\Home\Controller\IndexController.class.php 第 140 行.
NOTIC: [8] Undefined index: author D:\phpStudy\WWW\wxx\home\Home\Controller\IndexController.class.php 第 141 行.
NOTIC: [8] Undefined index: thumb_media_id D:\phpStudy\WWW\wxx\home\Home\Controller\IndexController.class.php 第 210 行.
INFO: [ app_end ] --START--
INFO: Run Behavior\ShowPageTraceBehavior [ RunTime:0.002000s ]
INFO: [ app_end ] --END-- [ RunTime:0.002000s ]

[ 2017-06-13T10:45:09+08:00 ] ::1 /wxx/index.php/Home/Index/test7
INFO: [ app_init ] --START--
INFO: Run Behavior\BuildLiteBehavior [ RunTime:0.000000s ]
INFO: [ app_init ] --END-- [ RunTime:0.001000s ]
INFO: [ app_begin ] --START--
INFO: Run Behavior\ReadHtmlCacheBehavior [ RunTime:0.001000s ]
INFO: [ app_begin ] --END-- [ RunTime:0.001000s ]
NOTIC: [8] Undefined index: post_content D:\phpStudy\WWW\wxx\home\Home\Controller\IndexController.class.php 第 139 行.
NOTIC: [8] Undefined index: title D:\phpStudy\WWW\wxx\home\Home\Controller\IndexController.class.php 第 140 行.
NOTIC: [8] Undefined index: author D:\phpStudy\WWW\wxx\home\Home\Controller\IndexController.class.php 第 141 行.
NOTIC: [8] Undefined index: thumb_media_id D:\phpStudy\WWW\wxx\home\Home\Controller\IndexController.class.php 第 210 行.
INFO: [ app_end ] --START--
INFO: Run Behavior\ShowPageTraceBehavior [ RunTime:0.001000s ]
INFO: [ app_end ] --END-- [ RunTime:0.001000s ]

[ 2017-06-13T10:50:15+08:00 ] ::1 /wxx/index.php/Home/Index/test7
INFO: [ app_init ] --START--
INFO: Run Behavior\BuildLiteBehavior [ RunTime:0.000000s ]
INFO: [ app_init ] --END-- [ RunTime:0.001000s ]
INFO: [ app_begin ] --START--
INFO: Run Behavior\ReadHtmlCacheBehavior [ RunTime:0.002001s ]
INFO: [ app_begin ] --END-- [ RunTime:0.002001s ]
NOTIC: [8] Undefined index: post_content D:\phpStudy\WWW\wxx\home\Home\Controller\IndexController.class.php 第 139 行.
NOTIC: [8] Undefined index: title D:\phpStudy\WWW\wxx\home\Home\Controller\IndexController.class.php 第 140 行.
NOTIC: [8] Undefined index: author D:\phpStudy\WWW\wxx\home\Home\Controller\IndexController.class.php 第 141 行.
NOTIC: [8] Undefined index: thumb_media_id D:\phpStudy\WWW\wxx\home\Home\Controller\IndexController.class.php 第 210 行.
INFO: [ app_end ] --START--
INFO: Run Behavior\ShowPageTraceBehavior [ RunTime:0.001000s ]
INFO: [ app_end ] --END-- [ RunTime:0.001000s ]

[ 2017-06-13T10:55:56+08:00 ] ::1 /wxx/index.php/Home/Index/test7
INFO: [ app_init ] --START--
INFO: Run Behavior\BuildLiteBehavior [ RunTime:0.000000s ]
INFO: [ app_init ] --END-- [ RunTime:0.001000s ]
INFO: [ app_begin ] --START--
INFO: Run Behavior\ReadHtmlCacheBehavior [ RunTime:0.001000s ]
INFO: [ app_begin ] --END-- [ RunTime:0.001000s ]
NOTIC: [8] Undefined index: post_content D:\phpStudy\WWW\wxx\home\Home\Controller\IndexController.class.php 第 139 行.
NOTIC: [8] Undefined index: title D:\phpStudy\WWW\wxx\home\Home\Controller\IndexController.class.php 第 140 行.
NOTIC: [8] Undefined index: author D:\phpStudy\WWW\wxx\home\Home\Controller\IndexController.class.php 第 141 行.
INFO: [ app_end ] --START--
INFO: Run Behavior\ShowPageTraceBehavior [ RunTime:0.002000s ]
INFO: [ app_end ] --END-- [ RunTime:0.002000s ]

[ 2017-06-13T10:56:20+08:00 ] ::1 /wxx/index.php/Home/Index/test7
INFO: [ app_init ] --START--
INFO: Run Behavior\BuildLiteBehavior [ RunTime:0.000000s ]
INFO: [ app_init ] --END-- [ RunTime:0.000000s ]
INFO: [ app_begin ] --START--
INFO: Run Behavior\ReadHtmlCacheBehavior [ RunTime:0.001000s ]
INFO: [ app_begin ] --END-- [ RunTime:0.001000s ]
NOTIC: [8] Undefined index: post_content D:\phpStudy\WWW\wxx\home\Home\Controller\IndexController.class.php 第 139 行.
NOTIC: [8] Undefined index: title D:\phpStudy\WWW\wxx\home\Home\Controller\IndexController.class.php 第 140 行.
NOTIC: [8] Undefined index: author D:\phpStudy\WWW\wxx\home\Home\Controller\IndexController.class.php 第 141 行.
INFO: [ app_end ] --START--
INFO: Run Behavior\ShowPageTraceBehavior [ RunTime:0.001000s ]
INFO: [ app_end ] --END-- [ RunTime:0.001000s ]

[ 2017-06-13T11:02:42+08:00 ] ::1 /wxx/index.php/Home/Index/test7
INFO: [ app_init ] --START--
INFO: Run Behavior\BuildLiteBehavior [ RunTime:0.000000s ]
INFO: [ app_init ] --END-- [ RunTime:0.001000s ]
INFO: [ app_begin ] --START--
INFO: Run Behavior\ReadHtmlCacheBehavior [ RunTime:0.001000s ]
INFO: [ app_begin ] --END-- [ RunTime:0.001000s ]
NOTIC: [8] Undefined index: post_content D:\phpStudy\WWW\wxx\home\Home\Controller\IndexController.class.php 第 139 行.
NOTIC: [8] Undefined index: title D:\phpStudy\WWW\wxx\home\Home\Controller\IndexController.class.php 第 140 行.
NOTIC: [8] Undefined index: author D:\phpStudy\WWW\wxx\home\Home\Controller\IndexController.class.php 第 141 行.
NOTIC: [2] fopen(D:\phpStudy\WWW\wxxd:\\10.jpg): failed to open stream: Invalid argument D:\phpStudy\WWW\wxx\home\Home\Controller\UploadTolocalController.class.php 第 108 行.
NOTIC: [2] fwrite() expects parameter 1 to be resource, boolean given D:\phpStudy\WWW\wxx\home\Home\Controller\UploadTolocalController.class.php 第 109 行.
NOTIC: [2] fclose() expects parameter 1 to be resource, boolean given D:\phpStudy\WWW\wxx\home\Home\Controller\UploadTolocalController.class.php 第 110 行.
INFO: [ app_end ] --START--
INFO: Run Behavior\ShowPageTraceBehavior [ RunTime:0.000000s ]
INFO: [ app_end ] --END-- [ RunTime:0.000000s ]

[ 2017-06-13T11:02:43+08:00 ] ::1 /wxx/index.php/Home/Index/test7
INFO: [ app_init ] --START--
INFO: Run Behavior\BuildLiteBehavior [ RunTime:0.000000s ]
INFO: [ app_init ] --END-- [ RunTime:0.000000s ]
INFO: [ app_begin ] --START--
INFO: Run Behavior\ReadHtmlCacheBehavior [ RunTime:0.001000s ]
INFO: [ app_begin ] --END-- [ RunTime:0.001000s ]
NOTIC: [8] Undefined index: post_content D:\phpStudy\WWW\wxx\home\Home\Controller\IndexController.class.php 第 139 行.
NOTIC: [8] Undefined index: title D:\phpStudy\WWW\wxx\home\Home\Controller\IndexController.class.php 第 140 行.
NOTIC: [8] Undefined index: author D:\phpStudy\WWW\wxx\home\Home\Controller\IndexController.class.php 第 141 行.
NOTIC: [2] fopen(D:\phpStudy\WWW\wxxd:\\10.jpg): failed to open stream: Invalid argument D:\phpStudy\WWW\wxx\home\Home\Controller\UploadTolocalController.class.php 第 108 行.
NOTIC: [2] fwrite() expects parameter 1 to be resource, boolean given D:\phpStudy\WWW\wxx\home\Home\Controller\UploadTolocalController.class.php 第 109 行.
NOTIC: [2] fclose() expects parameter 1 to be resource, boolean given D:\phpStudy\WWW\wxx\home\Home\Controller\UploadTolocalController.class.php 第 110 行.
INFO: [ app_end ] --START--
INFO: Run Behavior\ShowPageTraceBehavior [ RunTime:0.001000s ]
INFO: [ app_end ] --END-- [ RunTime:0.002001s ]

[ 2017-06-13T11:02:57+08:00 ] ::1 /wxx/index.php/Home/Index/test7
INFO: [ app_init ] --START--
INFO: Run Behavior\BuildLiteBehavior [ RunTime:0.000000s ]
INFO: [ app_init ] --END-- [ RunTime:0.001000s ]
INFO: [ app_begin ] --START--
INFO: Run Behavior\ReadHtmlCacheBehavior [ RunTime:0.000000s ]
INFO: [ app_begin ] --END-- [ RunTime:0.000000s ]
NOTIC: [8] Undefined index: post_content D:\phpStudy\WWW\wxx\home\Home\Controller\IndexController.class.php 第 139 行.
NOTIC: [8] Undefined index: title D:\phpStudy\WWW\wxx\home\Home\Controller\IndexController.class.php 第 140 行.
NOTIC: [8] Undefined index: author D:\phpStudy\WWW\wxx\home\Home\Controller\IndexController.class.php 第 141 行.
NOTIC: [2] fopen(D:\phpStudy\WWW\wxxd:\\10.jpg): failed to open stream: Invalid argument D:\phpStudy\WWW\wxx\home\Home\Controller\UploadTolocalController.class.php 第 108 行.
NOTIC: [2] fwrite() expects parameter 1 to be resource, boolean given D:\phpStudy\WWW\wxx\home\Home\Controller\UploadTolocalController.class.php 第 109 行.
NOTIC: [2] fclose() expects parameter 1 to be resource, boolean given D:\phpStudy\WWW\wxx\home\Home\Controller\UploadTolocalController.class.php 第 110 行.
INFO: [ app_end ] --START--
INFO: Run Behavior\ShowPageTraceBehavior [ RunTime:0.001000s ]
INFO: [ app_end ] --END-- [ RunTime:0.001000s ]

[ 2017-06-13T11:03:22+08:00 ] ::1 /wxx/index.php/Home/Index/test7
INFO: [ app_init ] --START--
INFO: Run Behavior\BuildLiteBehavior [ RunTime:0.000000s ]
INFO: [ app_init ] --END-- [ RunTime:0.000000s ]
INFO: [ app_begin ] --START--
INFO: Run Behavior\ReadHtmlCacheBehavior [ RunTime:0.000000s ]
INFO: [ app_begin ] --END-- [ RunTime:0.000000s ]
NOTIC: [8] Undefined index: post_content D:\phpStudy\WWW\wxx\home\Home\Controller\IndexController.class.php 第 139 行.
NOTIC: [8] Undefined index: title D:\phpStudy\WWW\wxx\home\Home\Controller\IndexController.class.php 第 140 行.
NOTIC: [8] Undefined index: author D:\phpStudy\WWW\wxx\home\Home\Controller\IndexController.class.php 第 141 行.
INFO: [ app_end ] --START--
INFO: Run Behavior\ShowPageTraceBehavior [ RunTime:0.001000s ]
INFO: [ app_end ] --END-- [ RunTime:0.001000s ]

[ 2017-06-13T11:03:29+08:00 ] ::1 /wxx/index.php/Home/Index/test7
INFO: [ app_init ] --START--
INFO: Run Behavior\BuildLiteBehavior [ RunTime:0.000000s ]
INFO: [ app_init ] --END-- [ RunTime:0.001000s ]
INFO: [ app_begin ] --START--
INFO: Run Behavior\ReadHtmlCacheBehavior [ RunTime:0.001000s ]
INFO: [ app_begin ] --END-- [ RunTime:0.001000s ]
NOTIC: [8] Undefined index: post_content D:\phpStudy\WWW\wxx\home\Home\Controller\IndexController.class.php 第 139 行.
NOTIC: [8] Undefined index: title D:\phpStudy\WWW\wxx\home\Home\Controller\IndexController.class.php 第 140 行.
NOTIC: [8] Undefined index: author D:\phpStudy\WWW\wxx\home\Home\Controller\IndexController.class.php 第 141 行.
INFO: [ app_end ] --START--
INFO: Run Behavior\ShowPageTraceBehavior [ RunTime:0.001000s ]
INFO: [ app_end ] --END-- [ RunTime:0.002000s ]

[ 2017-06-13T11:04:27+08:00 ] ::1 /wxx/index.php/Home/Index/test7
INFO: [ app_init ] --START--
INFO: Run Behavior\BuildLiteBehavior [ RunTime:0.000000s ]
INFO: [ app_init ] --END-- [ RunTime:0.001000s ]
INFO: [ app_begin ] --START--
INFO: Run Behavior\ReadHtmlCacheBehavior [ RunTime:0.001000s ]
INFO: [ app_begin ] --END-- [ RunTime:0.001000s ]
NOTIC: [8] Undefined index: post_content D:\phpStudy\WWW\wxx\home\Home\Controller\IndexController.class.php 第 139 行.
NOTIC: [8] Undefined index: title D:\phpStudy\WWW\wxx\home\Home\Controller\IndexController.class.php 第 140 行.
NOTIC: [8] Undefined index: author D:\phpStudy\WWW\wxx\home\Home\Controller\IndexController.class.php 第 141 行.
INFO: [ app_end ] --START--
INFO: Run Behavior\ShowPageTraceBehavior [ RunTime:0.001001s ]
INFO: [ app_end ] --END-- [ RunTime:0.001001s ]

[ 2017-06-13T11:04:36+08:00 ] ::1 /wxx/index.php/Home/Index/test7
INFO: [ app_init ] --START--
INFO: Run Behavior\BuildLiteBehavior [ RunTime:0.000000s ]
INFO: [ app_init ] --END-- [ RunTime:0.000000s ]
INFO: [ app_begin ] --START--
INFO: Run Behavior\ReadHtmlCacheBehavior [ RunTime:0.001000s ]
INFO: [ app_begin ] --END-- [ RunTime:0.002000s ]
NOTIC: [8] Undefined index: post_content D:\phpStudy\WWW\wxx\home\Home\Controller\IndexController.class.php 第 139 行.
NOTIC: [8] Undefined index: title D:\phpStudy\WWW\wxx\home\Home\Controller\IndexController.class.php 第 140 行.
NOTIC: [8] Undefined index: author D:\phpStudy\WWW\wxx\home\Home\Controller\IndexController.class.php 第 141 行.
INFO: [ app_end ] --START--
INFO: Run Behavior\ShowPageTraceBehavior [ RunTime:0.001000s ]
INFO: [ app_end ] --END-- [ RunTime:0.001000s ]

[ 2017-06-13T11:07:08+08:00 ] ::1 /wxx/index.php/Home/Index/test7
INFO: [ app_init ] --START--
INFO: Run Behavior\BuildLiteBehavior [ RunTime:0.000000s ]
INFO: [ app_init ] --END-- [ RunTime:0.000000s ]
INFO: [ app_begin ] --START--
INFO: Run Behavior\ReadHtmlCacheBehavior [ RunTime:0.001000s ]
INFO: [ app_begin ] --END-- [ RunTime:0.001000s ]
NOTIC: [8] Undefined index: post_content D:\phpStudy\WWW\wxx\home\Home\Controller\IndexController.class.php 第 139 行.
NOTIC: [8] Undefined index: title D:\phpStudy\WWW\wxx\home\Home\Controller\IndexController.class.php 第 140 行.
NOTIC: [8] Undefined index: author D:\phpStudy\WWW\wxx\home\Home\Controller\IndexController.class.php 第 141 行.
INFO: [ app_end ] --START--
INFO: Run Behavior\ShowPageTraceBehavior [ RunTime:0.001000s ]
INFO: [ app_end ] --END-- [ RunTime:0.002000s ]

[ 2017-06-13T11:10:53+08:00 ] ::1 /wxx/index.php/Home/Index/test7
INFO: [ app_init ] --START--
INFO: Run Behavior\BuildLiteBehavior [ RunTime:0.000000s ]
INFO: [ app_init ] --END-- [ RunTime:0.000000s ]
INFO: [ app_begin ] --START--
INFO: Run Behavior\ReadHtmlCacheBehavior [ RunTime:0.001000s ]
INFO: [ app_begin ] --END-- [ RunTime:0.001000s ]
NOTIC: [8] Undefined index: post_content D:\phpStudy\WWW\wxx\home\Home\Controller\IndexController.class.php 第 139 行.
NOTIC: [8] Undefined index: title D:\phpStudy\WWW\wxx\home\Home\Controller\IndexController.class.php 第 140 行.
NOTIC: [8] Undefined index: author D:\phpStudy\WWW\wxx\home\Home\Controller\IndexController.class.php 第 141 行.
INFO: [ app_end ] --START--
INFO: Run Behavior\ShowPageTraceBehavior [ RunTime:0.001000s ]
INFO: [ app_end ] --END-- [ RunTime:0.001000s ]

[ 2017-06-13T11:11:05+08:00 ] ::1 /wxx/index.php/Home/Index/test7
INFO: [ app_init ] --START--
INFO: Run Behavior\BuildLiteBehavior [ RunTime:0.000000s ]
INFO: [ app_init ] --END-- [ RunTime:0.000000s ]
INFO: [ app_begin ] --START--
INFO: Run Behavior\ReadHtmlCacheBehavior [ RunTime:0.001000s ]
INFO: [ app_begin ] --END-- [ RunTime:0.001000s ]
NOTIC: [8] Undefined index: post_content D:\phpStudy\WWW\wxx\home\Home\Controller\IndexController.class.php 第 139 行.
NOTIC: [8] Undefined index: title D:\phpStudy\WWW\wxx\home\Home\Controller\IndexController.class.php 第 140 行.
NOTIC: [8] Undefined index: author D:\phpStudy\WWW\wxx\home\Home\Controller\IndexController.class.php 第 141 行.
INFO: [ app_end ] --START--
INFO: Run Behavior\ShowPageTraceBehavior [ RunTime:0.001000s ]
INFO: [ app_end ] --END-- [ RunTime:0.002000s ]

[ 2017-06-13T11:12:56+08:00 ] ::1 /wxx/index.php/Home/Index/test7
INFO: [ app_init ] --START--
INFO: Run Behavior\BuildLiteBehavior [ RunTime:0.000000s ]
INFO: [ app_init ] --END-- [ RunTime:0.000000s ]
INFO: [ app_begin ] --START--
INFO: Run Behavior\ReadHtmlCacheBehavior [ RunTime:0.001001s ]
INFO: [ app_begin ] --END-- [ RunTime:0.001001s ]
NOTIC: [8] Undefined index: post_content D:\phpStudy\WWW\wxx\home\Home\Controller\IndexController.class.php 第 139 行.
NOTIC: [8] Undefined index: title D:\phpStudy\WWW\wxx\home\Home\Controller\IndexController.class.php 第 140 行.
NOTIC: [8] Undefined index: author D:\phpStudy\WWW\wxx\home\Home\Controller\IndexController.class.php 第 141 行.
INFO: [ app_end ] --START--
INFO: Run Behavior\ShowPageTraceBehavior [ RunTime:0.002001s ]
INFO: [ app_end ] --END-- [ RunTime:0.002001s ]

[ 2017-06-13T11:13:39+08:00 ] ::1 /wxx/index.php/Home/Index/test7
INFO: [ app_init ] --START--
INFO: Run Behavior\BuildLiteBehavior [ RunTime:0.000000s ]
INFO: [ app_init ] --END-- [ RunTime:0.000000s ]
INFO: [ app_begin ] --START--
INFO: Run Behavior\ReadHtmlCacheBehavior [ RunTime:0.000000s ]
INFO: [ app_begin ] --END-- [ RunTime:0.000000s ]
NOTIC: [8] Undefined index: post_content D:\phpStudy\WWW\wxx\home\Home\Controller\IndexController.class.php 第 139 行.
NOTIC: [8] Undefined index: title D:\phpStudy\WWW\wxx\home\Home\Controller\IndexController.class.php 第 140 行.
NOTIC: [8] Undefined index: author D:\phpStudy\WWW\wxx\home\Home\Controller\IndexController.class.php 第 141 行.
INFO: [ app_end ] --START--
INFO: Run Behavior\ShowPageTraceBehavior [ RunTime:0.002000s ]
INFO: [ app_end ] --END-- [ RunTime:0.002000s ]

[ 2017-06-13T11:13:59+08:00 ] ::1 /wxx/index.php/Home/Index/test7
INFO: [ app_init ] --START--
INFO: Run Behavior\BuildLiteBehavior [ RunTime:0.000000s ]
INFO: [ app_init ] --END-- [ RunTime:0.000000s ]
INFO: [ app_begin ] --START--
INFO: Run Behavior\ReadHtmlCacheBehavior [ RunTime:0.000000s ]
INFO: [ app_begin ] --END-- [ RunTime:0.000000s ]
NOTIC: [8] Undefined index: post_content D:\phpStudy\WWW\wxx\home\Home\Controller\IndexController.class.php 第 139 行.
NOTIC: [8] Undefined index: title D:\phpStudy\WWW\wxx\home\Home\Controller\IndexController.class.php 第 140 行.
NOTIC: [8] Undefined index: author D:\phpStudy\WWW\wxx\home\Home\Controller\IndexController.class.php 第 141 行.
INFO: [ app_end ] --START--
INFO: Run Behavior\ShowPageTraceBehavior [ RunTime:0.001000s ]
INFO: [ app_end ] --END-- [ RunTime:0.001000s ]

[ 2017-06-13T11:49:04+08:00 ] ::1 /wxx/index.php/Home/Index/test7
INFO: [ app_init ] --START--
INFO: Run Behavior\BuildLiteBehavior [ RunTime:0.000000s ]
INFO: [ app_init ] --END-- [ RunTime:0.001000s ]
INFO: [ app_begin ] --START--
INFO: Run Behavior\ReadHtmlCacheBehavior [ RunTime:0.001000s ]
INFO: [ app_begin ] --END-- [ RunTime:0.001000s ]
NOTIC: [8] Undefined index: post_content D:\phpStudy\WWW\wxx\home\Home\Controller\IndexController.class.php 第 139 行.
NOTIC: [8] Undefined index: title D:\phpStudy\WWW\wxx\home\Home\Controller\IndexController.class.php 第 140 行.
NOTIC: [8] Undefined index: author D:\phpStudy\WWW\wxx\home\Home\Controller\IndexController.class.php 第 141 行.
INFO: [ app_end ] --START--
INFO: Run Behavior\ShowPageTraceBehavior [ RunTime:0.001000s ]
INFO: [ app_end ] --END-- [ RunTime:0.001000s ]

[ 2017-06-13T11:49:21+08:00 ] ::1 /wxx/index.php/Home/Index/test7
INFO: [ app_init ] --START--
INFO: Run Behavior\BuildLiteBehavior [ RunTime:0.000000s ]
INFO: [ app_init ] --END-- [ RunTime:0.000000s ]
INFO: [ app_begin ] --START--
INFO: Run Behavior\ReadHtmlCacheBehavior [ RunTime:0.000000s ]
INFO: [ app_begin ] --END-- [ RunTime:0.000000s ]
NOTIC: [8] Undefined index: post_content D:\phpStudy\WWW\wxx\home\Home\Controller\IndexController.class.php 第 139 行.
NOTIC: [8] Undefined index: title D:\phpStudy\WWW\wxx\home\Home\Controller\IndexController.class.php 第 140 行.
NOTIC: [8] Undefined index: author D:\phpStudy\WWW\wxx\home\Home\Controller\IndexController.class.php 第 141 行.
INFO: [ app_end ] --START--
INFO: Run Behavior\ShowPageTraceBehavior [ RunTime:0.000000s ]
INFO: [ app_end ] --END-- [ RunTime:0.000000s ]

[ 2017-06-13T11:50:59+08:00 ] ::1 /wxx/index.php/Home/Index/test7
INFO: [ app_init ] --START--
INFO: Run Behavior\BuildLiteBehavior [ RunTime:0.000000s ]
INFO: [ app_init ] --END-- [ RunTime:0.001000s ]
INFO: [ app_begin ] --START--
INFO: Run Behavior\ReadHtmlCacheBehavior [ RunTime:0.002000s ]
INFO: [ app_begin ] --END-- [ RunTime:0.002000s ]
NOTIC: [8] Undefined index: title D:\phpStudy\WWW\wxx\home\Home\Controller\IndexController.class.php 第 140 行.
NOTIC: [8] Undefined index: thumb D:\phpStudy\WWW\wxx\home\Home\Controller\IndexController.class.php 第 152 行.
INFO: [ app_end ] --START--
INFO: Run Behavior\ShowPageTraceBehavior [ RunTime:0.001000s ]
INFO: [ app_end ] --END-- [ RunTime:0.001000s ]

[ 2017-06-13T11:53:34+08:00 ] ::1 /wxx/index.php/Home/Index/test7
INFO: [ app_init ] --START--
INFO: Run Behavior\BuildLiteBehavior [ RunTime:0.000000s ]
INFO: [ app_init ] --END-- [ RunTime:0.001000s ]
INFO: [ app_begin ] --START--
INFO: Run Behavior\ReadHtmlCacheBehavior [ RunTime:0.000000s ]
INFO: [ app_begin ] --END-- [ RunTime:0.000000s ]
NOTIC: [8] Undefined index: title D:\phpStudy\WWW\wxx\home\Home\Controller\IndexController.class.php 第 140 行.
INFO: [ app_end ] --START--
INFO: Run Behavior\ShowPageTraceBehavior [ RunTime:0.002000s ]
INFO: [ app_end ] --END-- [ RunTime:0.002000s ]

[ 2017-06-13T11:55:02+08:00 ] ::1 /wxx/index.php/Home/Index/test7
INFO: [ app_init ] --START--
INFO: Run Behavior\BuildLiteBehavior [ RunTime:0.000000s ]
INFO: [ app_init ] --END-- [ RunTime:0.000000s ]
INFO: [ app_begin ] --START--
INFO: Run Behavior\ReadHtmlCacheBehavior [ RunTime:0.001000s ]
INFO: [ app_begin ] --END-- [ RunTime:0.002000s ]
NOTIC: [8] Undefined index: post_content D:\phpStudy\WWW\wxx\home\Home\Controller\IndexController.class.php 第 139 行.
NOTIC: [8] Undefined index: title D:\phpStudy\WWW\wxx\home\Home\Controller\IndexController.class.php 第 140 行.
NOTIC: [8] Undefined index: author D:\phpStudy\WWW\wxx\home\Home\Controller\IndexController.class.php 第 141 行.
INFO: [ app_end ] --START--
INFO: Run Behavior\ShowPageTraceBehavior [ RunTime:0.001000s ]
INFO: [ app_end ] --END-- [ RunTime:0.001000s ]

[ 2017-06-13T11:56:47+08:00 ] ::1 /wxx/index.php/Home/Index/test7
INFO: [ app_init ] --START--
INFO: Run Behavior\BuildLiteBehavior [ RunTime:0.000000s ]
INFO: [ app_init ] --END-- [ RunTime:0.001000s ]
INFO: [ app_begin ] --START--
INFO: Run Behavior\ReadHtmlCacheBehavior [ RunTime:0.001000s ]
INFO: [ app_begin ] --END-- [ RunTime:0.001000s ]
NOTIC: [8] Undefined index: title D:\phpStudy\WWW\wxx\home\Home\Controller\IndexController.class.php 第 140 行.
INFO: [ app_end ] --START--
INFO: Run Behavior\ShowPageTraceBehavior [ RunTime:0.001000s ]
INFO: [ app_end ] --END-- [ RunTime:0.001000s ]

[ 2017-06-13T11:56:55+08:00 ] ::1 /wxx/index.php/Home/Index/test7
INFO: [ app_init ] --START--
INFO: Run Behavior\BuildLiteBehavior [ RunTime:0.000000s ]
INFO: [ app_init ] --END-- [ RunTime:0.001000s ]
INFO: [ app_begin ] --START--
INFO: Run Behavior\ReadHtmlCacheBehavior [ RunTime:0.001000s ]
INFO: [ app_begin ] --END-- [ RunTime:0.001000s ]
NOTIC: [8] Undefined index: post_content D:\phpStudy\WWW\wxx\home\Home\Controller\IndexController.class.php 第 139 行.
NOTIC: [8] Undefined index: title D:\phpStudy\WWW\wxx\home\Home\Controller\IndexController.class.php 第 140 行.
NOTIC: [8] Undefined index: author D:\phpStudy\WWW\wxx\home\Home\Controller\IndexController.class.php 第 141 行.
INFO: [ app_end ] --START--
INFO: Run Behavior\ShowPageTraceBehavior [ RunTime:0.002000s ]
INFO: [ app_end ] --END-- [ RunTime:0.002000s ]

[ 2017-06-13T11:58:51+08:00 ] ::1 /wxx/index.php/Home/Index/test7
INFO: [ app_init ] --START--
INFO: Run Behavior\BuildLiteBehavior [ RunTime:0.001000s ]
INFO: [ app_init ] --END-- [ RunTime:0.001000s ]
INFO: [ app_begin ] --START--
INFO: Run Behavior\ReadHtmlCacheBehavior [ RunTime:0.001001s ]
INFO: [ app_begin ] --END-- [ RunTime:0.001001s ]
NOTIC: [8] Undefined index: post_content D:\phpStudy\WWW\wxx\home\Home\Controller\IndexController.class.php 第 139 行.
NOTIC: [8] Undefined index: title D:\phpStudy\WWW\wxx\home\Home\Controller\IndexController.class.php 第 140 行.
NOTIC: [8] Undefined index: author D:\phpStudy\WWW\wxx\home\Home\Controller\IndexController.class.php 第 141 行.
INFO: [ app_end ] --START--
INFO: Run Behavior\ShowPageTraceBehavior [ RunTime:0.002000s ]
INFO: [ app_end ] --END-- [ RunTime:0.002000s ]

[ 2017-06-13T12:01:07+08:00 ] ::1 /wxx/index.php/Home/Index/test7
INFO: [ app_init ] --START--
INFO: Run Behavior\BuildLiteBehavior [ RunTime:0.000000s ]
INFO: [ app_init ] --END-- [ RunTime:0.001000s ]
INFO: [ app_begin ] --START--
INFO: Run Behavior\ReadHtmlCacheBehavior [ RunTime:0.001000s ]
INFO: [ app_begin ] --END-- [ RunTime:0.001000s ]
NOTIC: [8] Undefined index: post_content D:\phpStudy\WWW\wxx\home\Home\Controller\IndexController.class.php 第 139 行.
NOTIC: [8] Undefined index: title D:\phpStudy\WWW\wxx\home\Home\Controller\IndexController.class.php 第 140 行.
NOTIC: [8] Undefined index: author D:\phpStudy\WWW\wxx\home\Home\Controller\IndexController.class.php 第 141 行.
INFO: [ app_end ] --START--
INFO: Run Behavior\ShowPageTraceBehavior [ RunTime:0.002000s ]
INFO: [ app_end ] --END-- [ RunTime:0.002000s ]

[ 2017-06-13T13:29:20+08:00 ] ::1 /wxx/index.php/Home/Index/test7
INFO: [ app_init ] --START--
INFO: Run Behavior\BuildLiteBehavior [ RunTime:0.000000s ]
INFO: [ app_init ] --END-- [ RunTime:0.001000s ]
INFO: [ app_begin ] --START--
INFO: Run Behavior\ReadHtmlCacheBehavior [ RunTime:0.000000s ]
INFO: [ app_begin ] --END-- [ RunTime:0.000000s ]
NOTIC: [8] Undefined index: post_content D:\phpStudy\WWW\wxx\home\Home\Controller\IndexController.class.php 第 146 行.
NOTIC: [8] Undefined index: title D:\phpStudy\WWW\wxx\home\Home\Controller\IndexController.class.php 第 147 行.
NOTIC: [8] Undefined index: author D:\phpStudy\WWW\wxx\home\Home\Controller\IndexController.class.php 第 148 行.
INFO: [ app_end ] --START--
INFO: Run Behavior\ShowPageTraceBehavior [ RunTime:0.000000s ]
INFO: [ app_end ] --END-- [ RunTime:0.000000s ]

[ 2017-06-13T13:29:30+08:00 ] ::1 /wxx/index.php/Home/Index/test7
INFO: [ app_init ] --START--
INFO: Run Behavior\BuildLiteBehavior [ RunTime:0.000000s ]
INFO: [ app_init ] --END-- [ RunTime:0.000000s ]
INFO: [ app_begin ] --START--
INFO: Run Behavior\ReadHtmlCacheBehavior [ RunTime:0.001000s ]
INFO: [ app_begin ] --END-- [ RunTime:0.001000s ]
NOTIC: [8] Undefined index: post_content D:\phpStudy\WWW\wxx\home\Home\Controller\IndexController.class.php 第 146 行.
NOTIC: [8] Undefined index: title D:\phpStudy\WWW\wxx\home\Home\Controller\IndexController.class.php 第 147 行.
NOTIC: [8] Undefined index: author D:\phpStudy\WWW\wxx\home\Home\Controller\IndexController.class.php 第 148 行.
INFO: [ app_end ] --START--
INFO: Run Behavior\ShowPageTraceBehavior [ RunTime:0.002000s ]
INFO: [ app_end ] --END-- [ RunTime:0.002000s ]

[ 2017-06-13T13:29:52+08:00 ] ::1 /wxx/index.php/Home/Index/test7
INFO: [ app_init ] --START--
INFO: Run Behavior\BuildLiteBehavior [ RunTime:0.000000s ]
INFO: [ app_init ] --END-- [ RunTime:0.000000s ]
INFO: [ app_begin ] --START--
INFO: Run Behavior\ReadHtmlCacheBehavior [ RunTime:0.000000s ]
INFO: [ app_begin ] --END-- [ RunTime:0.000000s ]
NOTIC: [8] Undefined index: post_content D:\phpStudy\WWW\wxx\home\Home\Controller\IndexController.class.php 第 147 行.
NOTIC: [8] Undefined index: title D:\phpStudy\WWW\wxx\home\Home\Controller\IndexController.class.php 第 148 行.
NOTIC: [8] Undefined index: author D:\phpStudy\WWW\wxx\home\Home\Controller\IndexController.class.php 第 149 行.
INFO: [ app_end ] --START--
INFO: Run Behavior\ShowPageTraceBehavior [ RunTime:0.001000s ]
INFO: [ app_end ] --END-- [ RunTime:0.002000s ]

[ 2017-06-13T13:29:57+08:00 ] ::1 /wxx/index.php/Home/Index/test7
INFO: [ app_init ] --START--
INFO: Run Behavior\BuildLiteBehavior [ RunTime:0.000000s ]
INFO: [ app_init ] --END-- [ RunTime:0.001000s ]
INFO: [ app_begin ] --START--
INFO: Run Behavior\ReadHtmlCacheBehavior [ RunTime:0.001000s ]
INFO: [ app_begin ] --END-- [ RunTime:0.001000s ]
NOTIC: [8] Undefined index: post_content D:\phpStudy\WWW\wxx\home\Home\Controller\IndexController.class.php 第 147 行.
NOTIC: [8] Undefined index: title D:\phpStudy\WWW\wxx\home\Home\Controller\IndexController.class.php 第 148 行.
NOTIC: [8] Undefined index: author D:\phpStudy\WWW\wxx\home\Home\Controller\IndexController.class.php 第 149 行.
INFO: [ app_end ] --START--
INFO: Run Behavior\ShowPageTraceBehavior [ RunTime:0.001000s ]
INFO: [ app_end ] --END-- [ RunTime:0.002000s ]

[ 2017-06-13T13:32:36+08:00 ] ::1 /wxx/index.php/Home/Index/test7
INFO: [ app_init ] --START--
INFO: Run Behavior\BuildLiteBehavior [ RunTime:0.000000s ]
INFO: [ app_init ] --END-- [ RunTime:0.001000s ]
INFO: [ app_begin ] --START--
INFO: Run Behavior\ReadHtmlCacheBehavior [ RunTime:0.002000s ]
INFO: [ app_begin ] --END-- [ RunTime:0.002000s ]
NOTIC: [8] Undefined index: post_content D:\phpStudy\WWW\wxx\home\Home\Controller\IndexController.class.php 第 147 行.
NOTIC: [8] Undefined index: title D:\phpStudy\WWW\wxx\home\Home\Controller\IndexController.class.php 第 148 行.
NOTIC: [8] Undefined index: author D:\phpStudy\WWW\wxx\home\Home\Controller\IndexController.class.php 第 149 行.
INFO: [ app_end ] --START--
INFO: Run Behavior\ShowPageTraceBehavior [ RunTime:0.001000s ]
INFO: [ app_end ] --END-- [ RunTime:0.002000s ]

[ 2017-06-13T13:33:10+08:00 ] ::1 /wxx/index.php/Home/Index/test7
INFO: [ app_init ] --START--
INFO: Run Behavior\BuildLiteBehavior [ RunTime:0.000000s ]
INFO: [ app_init ] --END-- [ RunTime:0.000000s ]
INFO: [ app_begin ] --START--
INFO: Run Behavior\ReadHtmlCacheBehavior [ RunTime:0.000000s ]
INFO: [ app_begin ] --END-- [ RunTime:0.000000s ]
NOTIC: [8] Undefined index: post_content D:\phpStudy\WWW\wxx\home\Home\Controller\IndexController.class.php 第 147 行.
NOTIC: [8] Undefined index: title D:\phpStudy\WWW\wxx\home\Home\Controller\IndexController.class.php 第 148 行.
NOTIC: [8] Undefined index: author D:\phpStudy\WWW\wxx\home\Home\Controller\IndexController.class.php 第 149 行.
INFO: [ app_end ] --START--
INFO: Run Behavior\ShowPageTraceBehavior [ RunTime:0.001000s ]
INFO: [ app_end ] --END-- [ RunTime:0.001000s ]

[ 2017-06-13T14:20:48+08:00 ] ::1 /wxx/index.php/Home/Index/test7
INFO: [ app_init ] --START--
INFO: Run Behavior\BuildLiteBehavior [ RunTime:0.000000s ]
INFO: [ app_init ] --END-- [ RunTime:0.001000s ]
INFO: [ app_begin ] --START--
INFO: Run Behavior\ReadHtmlCacheBehavior [ RunTime:0.002000s ]
INFO: [ app_begin ] --END-- [ RunTime:0.002000s ]

[ 2017-06-13T14:22:35+08:00 ] ::1 /wxx/index.php/Home/Index/test7
INFO: [ app_init ] --START--
INFO: Run Behavior\BuildLiteBehavior [ RunTime:0.001000s ]
INFO: [ app_init ] --END-- [ RunTime:0.001000s ]
INFO: [ app_begin ] --START--
INFO: Run Behavior\ReadHtmlCacheBehavior [ RunTime:0.001000s ]
INFO: [ app_begin ] --END-- [ RunTime:0.001000s ]

[ 2017-06-13T14:22:43+08:00 ] ::1 /wxx/index.php/Home/Index/test7
INFO: [ app_init ] --START--
INFO: Run Behavior\BuildLiteBehavior [ RunTime:0.000000s ]
INFO: [ app_init ] --END-- [ RunTime:0.001001s ]
INFO: [ app_begin ] --START--
INFO: Run Behavior\ReadHtmlCacheBehavior [ RunTime:0.001000s ]
INFO: [ app_begin ] --END-- [ RunTime:0.001000s ]

[ 2017-06-13T14:23:49+08:00 ] ::1 /wxx/index.php/Home/Index/test7
INFO: [ app_init ] --START--
INFO: Run Behavior\BuildLiteBehavior [ RunTime:0.000000s ]
INFO: [ app_init ] --END-- [ RunTime:0.000000s ]
INFO: [ app_begin ] --START--
INFO: Run Behavior\ReadHtmlCacheBehavior [ RunTime:0.000000s ]
INFO: [ app_begin ] --END-- [ RunTime:0.000000s ]

[ 2017-06-13T14:26:21+08:00 ] ::1 /wxx/index.php/Home/Index/test7
INFO: [ app_init ] --START--
INFO: Run Behavior\BuildLiteBehavior [ RunTime:0.000000s ]
INFO: [ app_init ] --END-- [ RunTime:0.001000s ]
INFO: [ app_begin ] --START--
INFO: Run Behavior\ReadHtmlCacheBehavior [ RunTime:0.002000s ]
INFO: [ app_begin ] --END-- [ RunTime:0.002000s ]

[ 2017-06-13T14:26:56+08:00 ] ::1 /wxx/index.php/Home/Index/test7
INFO: [ app_init ] --START--
INFO: Run Behavior\BuildLiteBehavior [ RunTime:0.000000s ]
INFO: [ app_init ] --END-- [ RunTime:0.001000s ]
INFO: [ app_begin ] --START--
INFO: Run Behavior\ReadHtmlCacheBehavior [ RunTime:0.001000s ]
INFO: [ app_begin ] --END-- [ RunTime:0.002000s ]
NOTIC: [8] Undefined index: post_content D:\phpStudy\WWW\wxx\home\Home\Controller\IndexController.class.php 第 154 行.
NOTIC: [8] Undefined index: title D:\phpStudy\WWW\wxx\home\Home\Controller\IndexController.class.php 第 155 行.
NOTIC: [8] Undefined index: author D:\phpStudy\WWW\wxx\home\Home\Controller\IndexController.class.php 第 156 行.
INFO: [ app_end ] --START--
INFO: Run Behavior\ShowPageTraceBehavior [ RunTime:0.001000s ]
INFO: [ app_end ] --END-- [ RunTime:0.001000s ]

[ 2017-06-13T14:28:14+08:00 ] ::1 /wxx/index.php/Home/Index/test7
INFO: [ app_init ] --START--
INFO: Run Behavior\BuildLiteBehavior [ RunTime:0.000000s ]
INFO: [ app_init ] --END-- [ RunTime:0.001000s ]
INFO: [ app_begin ] --START--
INFO: Run Behavior\ReadHtmlCacheBehavior [ RunTime:0.001000s ]
INFO: [ app_begin ] --END-- [ RunTime:0.001000s ]
NOTIC: [8] Undefined index: post_content D:\phpStudy\WWW\wxx\home\Home\Controller\IndexController.class.php 第 154 行.
NOTIC: [8] Undefined index: title D:\phpStudy\WWW\wxx\home\Home\Controller\IndexController.class.php 第 155 行.
NOTIC: [8] Undefined index: author D:\phpStudy\WWW\wxx\home\Home\Controller\IndexController.class.php 第 156 行.
INFO: [ app_end ] --START--
INFO: Run Behavior\ShowPageTraceBehavior [ RunTime:0.001000s ]
INFO: [ app_end ] --END-- [ RunTime:0.001000s ]

[ 2017-06-13T14:28:45+08:00 ] ::1 /wxx/index.php/Home/Index/test7
INFO: [ app_init ] --START--
INFO: Run Behavior\BuildLiteBehavior [ RunTime:0.000000s ]
INFO: [ app_init ] --END-- [ RunTime:0.001000s ]
INFO: [ app_begin ] --START--
INFO: Run Behavior\ReadHtmlCacheBehavior [ RunTime:0.002000s ]
INFO: [ app_begin ] --END-- [ RunTime:0.002000s ]
NOTIC: [2] Illegal string offset 'thumb' D:\phpStudy\WWW\wxx\home\Home\Controller\IndexController.class.php 第 208 行.
NOTIC: [2] Illegal string offset 'author' D:\phpStudy\WWW\wxx\home\Home\Controller\IndexController.class.php 第 209 行.
NOTIC: [2] Illegal string offset 'content' D:\phpStudy\WWW\wxx\home\Home\Controller\IndexController.class.php 第 212 行.
NOTIC: [8] Undefined index: post_content D:\phpStudy\WWW\wxx\home\Home\Controller\IndexController.class.php 第 153 行.
NOTIC: [8] Undefined index: title D:\phpStudy\WWW\wxx\home\Home\Controller\IndexController.class.php 第 154 行.
NOTIC: [8] Undefined index: author D:\phpStudy\WWW\wxx\home\Home\Controller\IndexController.class.php 第 155 行.
INFO: [ app_end ] --START--
INFO: Run Behavior\ShowPageTraceBehavior [ RunTime:0.002000s ]
INFO: [ app_end ] --END-- [ RunTime:0.002000s ]

[ 2017-06-13T14:29:20+08:00 ] ::1 /wxx/index.php/Home/Index/test7
INFO: [ app_init ] --START--
INFO: Run Behavior\BuildLiteBehavior [ RunTime:0.000000s ]
INFO: [ app_init ] --END-- [ RunTime:0.001000s ]
INFO: [ app_begin ] --START--
INFO: Run Behavior\ReadHtmlCacheBehavior [ RunTime:0.002000s ]
INFO: [ app_begin ] --END-- [ RunTime:0.002000s ]
NOTIC: [2] Illegal string offset 'thumb' D:\phpStudy\WWW\wxx\home\Home\Controller\IndexController.class.php 第 209 行.
NOTIC: [2] Illegal string offset 'author' D:\phpStudy\WWW\wxx\home\Home\Controller\IndexController.class.php 第 210 行.
NOTIC: [2] Illegal string offset 'content' D:\phpStudy\WWW\wxx\home\Home\Controller\IndexController.class.php 第 213 行.
NOTIC: [8] Undefined index: post_content D:\phpStudy\WWW\wxx\home\Home\Controller\IndexController.class.php 第 154 行.
NOTIC: [8] Undefined index: title D:\phpStudy\WWW\wxx\home\Home\Controller\IndexController.class.php 第 155 行.
NOTIC: [8] Undefined index: author D:\phpStudy\WWW\wxx\home\Home\Controller\IndexController.class.php 第 156 行.
INFO: [ app_end ] --START--
INFO: Run Behavior\ShowPageTraceBehavior [ RunTime:0.001000s ]
INFO: [ app_end ] --END-- [ RunTime:0.001000s ]

[ 2017-06-13T14:30:09+08:00 ] ::1 /wxx/index.php/Home/Index/test7
INFO: [ app_init ] --START--
INFO: Run Behavior\BuildLiteBehavior [ RunTime:0.000000s ]
INFO: [ app_init ] --END-- [ RunTime:0.000000s ]
INFO: [ app_begin ] --START--
INFO: Run Behavior\ReadHtmlCacheBehavior [ RunTime:0.000000s ]
INFO: [ app_begin ] --END-- [ RunTime:0.000000s ]
NOTIC: [8] Undefined index: thumb D:\phpStudy\WWW\wxx\home\Home\Controller\IndexController.class.php 第 209 行.
NOTIC: [8] Undefined index: post_content D:\phpStudy\WWW\wxx\home\Home\Controller\IndexController.class.php 第 154 行.
NOTIC: [8] Undefined index: title D:\phpStudy\WWW\wxx\home\Home\Controller\IndexController.class.php 第 155 行.
NOTIC: [8] Undefined index: author D:\phpStudy\WWW\wxx\home\Home\Controller\IndexController.class.php 第 156 行.
INFO: [ app_end ] --START--
INFO: Run Behavior\ShowPageTraceBehavior [ RunTime:0.002000s ]
INFO: [ app_end ] --END-- [ RunTime:0.002000s ]

[ 2017-06-13T15:15:21+08:00 ] ::1 /wxx/index.php/Home/Index/test7
INFO: [ app_init ] --START--
INFO: Run Behavior\BuildLiteBehavior [ RunTime:0.000000s ]
INFO: [ app_init ] --END-- [ RunTime:0.000000s ]
INFO: [ app_begin ] --START--
INFO: Run Behavior\ReadHtmlCacheBehavior [ RunTime:0.001000s ]
INFO: [ app_begin ] --END-- [ RunTime:0.001000s ]
INFO: [ app_end ] --START--
INFO: Run Behavior\ShowPageTraceBehavior [ RunTime:0.001000s ]
INFO: [ app_end ] --END-- [ RunTime:0.002000s ]

[ 2017-06-13T15:34:18+08:00 ] ::1 /wxx/index.php/Home/Index/test7
INFO: [ app_init ] --START--
INFO: Run Behavior\BuildLiteBehavior [ RunTime:0.000000s ]
INFO: [ app_init ] --END-- [ RunTime:0.000000s ]
INFO: [ app_begin ] --START--
INFO: Run Behavior\ReadHtmlCacheBehavior [ RunTime:0.000000s ]
INFO: [ app_begin ] --END-- [ RunTime:0.000000s ]
INFO: [ app_end ] --START--
INFO: Run Behavior\ShowPageTraceBehavior [ RunTime:0.001000s ]
INFO: [ app_end ] --END-- [ RunTime:0.001000s ]

[ 2017-06-13T15:35:28+08:00 ] ::1 /wxx/index.php/Home/Index/test7
INFO: [ app_init ] --START--
INFO: Run Behavior\BuildLiteBehavior [ RunTime:0.000000s ]
INFO: [ app_init ] --END-- [ RunTime:0.000000s ]
INFO: [ app_begin ] --START--
INFO: Run Behavior\ReadHtmlCacheBehavior [ RunTime:0.001000s ]
INFO: [ app_begin ] --END-- [ RunTime:0.001000s ]
ERR: Think\Controller:lm_mass_preview方法不存在！

[ 2017-06-13T15:36:03+08:00 ] ::1 /wxx/index.php/Home/Index/test7
INFO: [ app_init ] --START--
INFO: Run Behavior\BuildLiteBehavior [ RunTime:0.000000s ]
INFO: [ app_init ] --END-- [ RunTime:0.000000s ]
INFO: [ app_begin ] --START--
INFO: Run Behavior\ReadHtmlCacheBehavior [ RunTime:0.001000s ]
INFO: [ app_begin ] --END-- [ RunTime:0.001000s ]
NOTIC: [8] Array to string conversion D:\phpStudy\WWW\wxx\home\Home\Controller\SendallController.class.php 第 41 行.
NOTIC: [8] Undefined variable: info D:\phpStudy\WWW\wxx\home\Home\Controller\IndexController.class.php 第 284 行.
INFO: [ app_end ] --START--
INFO: Run Behavior\ShowPageTraceBehavior [ RunTime:0.001001s ]
INFO: [ app_end ] --END-- [ RunTime:0.001001s ]

[ 2017-06-13T15:37:01+08:00 ] ::1 /wxx/index.php/Home/Index/test7
INFO: [ app_init ] --START--
INFO: Run Behavior\BuildLiteBehavior [ RunTime:0.001000s ]
INFO: [ app_init ] --END-- [ RunTime:0.001000s ]
INFO: [ app_begin ] --START--
INFO: Run Behavior\ReadHtmlCacheBehavior [ RunTime:0.001000s ]
INFO: [ app_begin ] --END-- [ RunTime:0.001000s ]
NOTIC: [8] Array to string conversion D:\phpStudy\WWW\wxx\home\Home\Controller\IndexController.class.php 第 150 行.
INFO: [ app_end ] --START--
INFO: Run Behavior\ShowPageTraceBehavior [ RunTime:0.001000s ]
INFO: [ app_end ] --END-- [ RunTime:0.001000s ]

[ 2017-06-13T15:37:12+08:00 ] ::1 /wxx/index.php/Home/Index/test7
INFO: [ app_init ] --START--
INFO: Run Behavior\BuildLiteBehavior [ RunTime:0.000000s ]
INFO: [ app_init ] --END-- [ RunTime:0.000000s ]
INFO: [ app_begin ] --START--
INFO: Run Behavior\ReadHtmlCacheBehavior [ RunTime:0.000000s ]
INFO: [ app_begin ] --END-- [ RunTime:0.000000s ]
NOTIC: [8] Array to string conversion D:\phpStudy\WWW\wxx\home\Home\Controller\IndexController.class.php 第 150 行.
INFO: [ app_end ] --START--
INFO: Run Behavior\ShowPageTraceBehavior [ RunTime:0.002001s ]
INFO: [ app_end ] --END-- [ RunTime:0.002001s ]

[ 2017-06-13T15:40:36+08:00 ] ::1 /wxx/index.php/Home/Index/test7
INFO: [ app_init ] --START--
INFO: Run Behavior\BuildLiteBehavior [ RunTime:0.000000s ]
INFO: [ app_init ] --END-- [ RunTime:0.000000s ]
INFO: [ app_begin ] --START--
INFO: Run Behavior\ReadHtmlCacheBehavior [ RunTime:0.001000s ]
INFO: [ app_begin ] --END-- [ RunTime:0.001000s ]
NOTIC: [8] Array to string conversion D:\phpStudy\WWW\wxx\home\Home\Controller\IndexController.class.php 第 150 行.
INFO: [ app_end ] --START--
INFO: Run Behavior\ShowPageTraceBehavior [ RunTime:0.001000s ]
INFO: [ app_end ] --END-- [ RunTime:0.001000s ]

[ 2017-06-13T15:41:29+08:00 ] ::1 /wxx/index.php/Home/Index/test7
INFO: [ app_init ] --START--
INFO: Run Behavior\BuildLiteBehavior [ RunTime:0.000000s ]
INFO: [ app_init ] --END-- [ RunTime:0.001000s ]
INFO: [ app_begin ] --START--
INFO: Run Behavior\ReadHtmlCacheBehavior [ RunTime:0.001000s ]
INFO: [ app_begin ] --END-- [ RunTime:0.001000s ]
NOTIC: [2] Illegal string offset 'content' D:\phpStudy\WWW\wxx\home\Home\Controller\IndexController.class.php 第 137 行.
NOTIC: [8] Undefined variable: result D:\phpStudy\WWW\wxx\home\Home\Controller\IndexController.class.php 第 184 行.
NOTIC: [2] Illegal string offset 'content' D:\phpStudy\WWW\wxx\home\Home\Controller\IndexController.class.php 第 137 行.
NOTIC: [2] Illegal string offset 'thumb' D:\phpStudy\WWW\wxx\home\Home\Controller\IndexController.class.php 第 140 行.
NOTIC: [8] Undefined index: thumb_media_id D:\phpStudy\WWW\wxx\home\Home\Controller\IndexController.class.php 第 259 行.
NOTIC: [2] Illegal string offset 'thumb' D:\phpStudy\WWW\wxx\home\Home\Controller\IndexController.class.php 第 140 行.
NOTIC: [8] Array to string conversion D:\phpStudy\WWW\wxx\home\Home\Controller\SendallController.class.php 第 41 行.
NOTIC: [8] Undefined variable: info D:\phpStudy\WWW\wxx\home\Home\Controller\IndexController.class.php 第 285 行.
INFO: [ app_end ] --START--
INFO: Run Behavior\ShowPageTraceBehavior [ RunTime:0.001000s ]
INFO: [ app_end ] --END-- [ RunTime:0.001000s ]

[ 2017-06-13T15:46:36+08:00 ] ::1 /wxx/index.php/Home/Index/test7
INFO: [ app_init ] --START--
INFO: Run Behavior\BuildLiteBehavior [ RunTime:0.000000s ]
INFO: [ app_init ] --END-- [ RunTime:0.001000s ]
INFO: [ app_begin ] --START--
INFO: Run Behavior\ReadHtmlCacheBehavior [ RunTime:0.001000s ]
INFO: [ app_begin ] --END-- [ RunTime:0.001000s ]
NOTIC: [2] Illegal string offset 'content' D:\phpStudy\WWW\wxx\home\Home\Controller\IndexController.class.php 第 137 行.
NOTIC: [8] Undefined variable: result D:\phpStudy\WWW\wxx\home\Home\Controller\IndexController.class.php 第 184 行.
NOTIC: [2] Illegal string offset 'content' D:\phpStudy\WWW\wxx\home\Home\Controller\IndexController.class.php 第 137 行.
NOTIC: [2] Illegal string offset 'thumb' D:\phpStudy\WWW\wxx\home\Home\Controller\IndexController.class.php 第 140 行.
NOTIC: [8] Undefined index: thumb_media_id D:\phpStudy\WWW\wxx\home\Home\Controller\IndexController.class.php 第 259 行.
NOTIC: [2] Illegal string offset 'thumb' D:\phpStudy\WWW\wxx\home\Home\Controller\IndexController.class.php 第 140 行.
NOTIC: [8] Undefined variable: info D:\phpStudy\WWW\wxx\home\Home\Controller\IndexController.class.php 第 154 行.
INFO: [ app_end ] --START--
INFO: Run Behavior\ShowPageTraceBehavior [ RunTime:0.002000s ]
INFO: [ app_end ] --END-- [ RunTime:0.002000s ]

[ 2017-06-13T15:47:01+08:00 ] ::1 /wxx/index.php/Home/Index/test7
INFO: [ app_init ] --START--
INFO: Run Behavior\BuildLiteBehavior [ RunTime:0.000000s ]
INFO: [ app_init ] --END-- [ RunTime:0.001000s ]
INFO: [ app_begin ] --START--
INFO: Run Behavior\ReadHtmlCacheBehavior [ RunTime:0.001000s ]
INFO: [ app_begin ] --END-- [ RunTime:0.001000s ]
NOTIC: [2] Illegal string offset 'content' D:\phpStudy\WWW\wxx\home\Home\Controller\IndexController.class.php 第 137 行.
NOTIC: [8] Undefined variable: result D:\phpStudy\WWW\wxx\home\Home\Controller\IndexController.class.php 第 184 行.
NOTIC: [2] Illegal string offset 'content' D:\phpStudy\WWW\wxx\home\Home\Controller\IndexController.class.php 第 137 行.
NOTIC: [2] Illegal string offset 'thumb' D:\phpStudy\WWW\wxx\home\Home\Controller\IndexController.class.php 第 140 行.

[ 2017-06-13T15:47:20+08:00 ] ::1 /wxx/index.php/Home/Index/test7
INFO: [ app_init ] --START--
INFO: Run Behavior\BuildLiteBehavior [ RunTime:0.001000s ]
INFO: [ app_init ] --END-- [ RunTime:0.001000s ]
INFO: [ app_begin ] --START--
INFO: Run Behavior\ReadHtmlCacheBehavior [ RunTime:0.001000s ]
INFO: [ app_begin ] --END-- [ RunTime:0.001000s ]
NOTIC: [2] Illegal string offset 'content' D:\phpStudy\WWW\wxx\home\Home\Controller\IndexController.class.php 第 137 行.
NOTIC: [8] Undefined variable: result D:\phpStudy\WWW\wxx\home\Home\Controller\IndexController.class.php 第 184 行.
NOTIC: [2] Illegal string offset 'content' D:\phpStudy\WWW\wxx\home\Home\Controller\IndexController.class.php 第 137 行.
NOTIC: [2] Illegal string offset 'thumb' D:\phpStudy\WWW\wxx\home\Home\Controller\IndexController.class.php 第 140 行.
NOTIC: [8] Undefined index: thumb_media_id D:\phpStudy\WWW\wxx\home\Home\Controller\IndexController.class.php 第 259 行.
NOTIC: [2] Illegal string offset 'thumb' D:\phpStudy\WWW\wxx\home\Home\Controller\IndexController.class.php 第 140 行.
NOTIC: [8] Undefined variable: info D:\phpStudy\WWW\wxx\home\Home\Controller\IndexController.class.php 第 154 行.
INFO: [ app_end ] --START--
INFO: Run Behavior\ShowPageTraceBehavior [ RunTime:0.001000s ]
INFO: [ app_end ] --END-- [ RunTime:0.001000s ]

[ 2017-06-13T15:47:37+08:00 ] ::1 /wxx/index.php/Home/Index/test7
INFO: [ app_init ] --START--
INFO: Run Behavior\BuildLiteBehavior [ RunTime:0.000000s ]
INFO: [ app_init ] --END-- [ RunTime:0.001000s ]
INFO: [ app_begin ] --START--
INFO: Run Behavior\ReadHtmlCacheBehavior [ RunTime:0.001000s ]
INFO: [ app_begin ] --END-- [ RunTime:0.001000s ]
NOTIC: [2] Illegal string offset 'content' D:\phpStudy\WWW\wxx\home\Home\Controller\IndexController.class.php 第 137 行.
NOTIC: [8] Undefined variable: result D:\phpStudy\WWW\wxx\home\Home\Controller\IndexController.class.php 第 184 行.
NOTIC: [2] Illegal string offset 'content' D:\phpStudy\WWW\wxx\home\Home\Controller\IndexController.class.php 第 137 行.
NOTIC: [2] Illegal string offset 'thumb' D:\phpStudy\WWW\wxx\home\Home\Controller\IndexController.class.php 第 140 行.
NOTIC: [8] Undefined index: thumb_media_id D:\phpStudy\WWW\wxx\home\Home\Controller\IndexController.class.php 第 259 行.
NOTIC: [2] Illegal string offset 'thumb' D:\phpStudy\WWW\wxx\home\Home\Controller\IndexController.class.php 第 140 行.
NOTIC: [8] Undefined variable: info D:\phpStudy\WWW\wxx\home\Home\Controller\IndexController.class.php 第 154 行.
INFO: [ app_end ] --START--
INFO: Run Behavior\ShowPageTraceBehavior [ RunTime:0.001000s ]
INFO: [ app_end ] --END-- [ RunTime:0.001000s ]

[ 2017-06-13T15:48:09+08:00 ] ::1 /wxx/index.php/Home/Index/test7
INFO: [ app_init ] --START--
INFO: Run Behavior\BuildLiteBehavior [ RunTime:0.000000s ]
INFO: [ app_init ] --END-- [ RunTime:0.001000s ]
INFO: [ app_begin ] --START--
INFO: Run Behavior\ReadHtmlCacheBehavior [ RunTime:0.002000s ]
INFO: [ app_begin ] --END-- [ RunTime:0.002000s ]
NOTIC: [2] Illegal string offset 'content' D:\phpStudy\WWW\wxx\home\Home\Controller\IndexController.class.php 第 137 行.
NOTIC: [8] Undefined variable: result D:\phpStudy\WWW\wxx\home\Home\Controller\IndexController.class.php 第 184 行.
NOTIC: [2] Illegal string offset 'content' D:\phpStudy\WWW\wxx\home\Home\Controller\IndexController.class.php 第 137 行.
NOTIC: [2] Illegal string offset 'thumb' D:\phpStudy\WWW\wxx\home\Home\Controller\IndexController.class.php 第 140 行.
NOTIC: [8] Undefined index: thumb_media_id D:\phpStudy\WWW\wxx\home\Home\Controller\IndexController.class.php 第 259 行.
NOTIC: [2] Illegal string offset 'thumb' D:\phpStudy\WWW\wxx\home\Home\Controller\IndexController.class.php 第 140 行.
NOTIC: [8] Undefined variable: info D:\phpStudy\WWW\wxx\home\Home\Controller\IndexController.class.php 第 154 行.
INFO: [ app_end ] --START--
INFO: Run Behavior\ShowPageTraceBehavior [ RunTime:0.002000s ]
INFO: [ app_end ] --END-- [ RunTime:0.002000s ]

[ 2017-06-13T15:52:42+08:00 ] ::1 /wxx/index.php/Home/Index/test7
INFO: [ app_init ] --START--
INFO: Run Behavior\BuildLiteBehavior [ RunTime:0.000000s ]
INFO: [ app_init ] --END-- [ RunTime:0.001000s ]
INFO: [ app_begin ] --START--
INFO: Run Behavior\ReadHtmlCacheBehavior [ RunTime:0.002000s ]
INFO: [ app_begin ] --END-- [ RunTime:0.002000s ]
NOTIC: [2] Illegal string offset 'content' D:\phpStudy\WWW\wxx\home\Home\Controller\IndexController.class.php 第 137 行.
NOTIC: [8] Undefined variable: result D:\phpStudy\WWW\wxx\home\Home\Controller\IndexController.class.php 第 184 行.
NOTIC: [2] Illegal string offset 'content' D:\phpStudy\WWW\wxx\home\Home\Controller\IndexController.class.php 第 137 行.
NOTIC: [2] Illegal string offset 'content' D:\phpStudy\WWW\wxx\home\Home\Controller\IndexController.class.php 第 138 行.
INFO: [ app_end ] --START--
INFO: Run Behavior\ShowPageTraceBehavior [ RunTime:0.001000s ]
INFO: [ app_end ] --END-- [ RunTime:0.002000s ]

[ 2017-06-13T15:53:52+08:00 ] ::1 /wxx/index.php/Home/Index/test7
INFO: [ app_init ] --START--
INFO: Run Behavior\BuildLiteBehavior [ RunTime:0.001000s ]
INFO: [ app_init ] --END-- [ RunTime:0.001000s ]
INFO: [ app_begin ] --START--
INFO: Run Behavior\ReadHtmlCacheBehavior [ RunTime:0.001000s ]
INFO: [ app_begin ] --END-- [ RunTime:0.001000s ]
NOTIC: [2] Illegal string offset 'content' D:\phpStudy\WWW\wxx\home\Home\Controller\IndexController.class.php 第 137 行.
NOTIC: [8] Undefined variable: result D:\phpStudy\WWW\wxx\home\Home\Controller\IndexController.class.php 第 184 行.
NOTIC: [2] Illegal string offset 'content' D:\phpStudy\WWW\wxx\home\Home\Controller\IndexController.class.php 第 137 行.
NOTIC: [2] Illegal string offset 'content' D:\phpStudy\WWW\wxx\home\Home\Controller\IndexController.class.php 第 138 行.
INFO: [ app_end ] --START--
INFO: Run Behavior\ShowPageTraceBehavior [ RunTime:0.001000s ]
INFO: [ app_end ] --END-- [ RunTime:0.001000s ]

[ 2017-06-13T15:53:54+08:00 ] ::1 /wxx/index.php/Home/Index/test7
INFO: [ app_init ] --START--
INFO: Run Behavior\BuildLiteBehavior [ RunTime:0.000000s ]
INFO: [ app_init ] --END-- [ RunTime:0.001000s ]
INFO: [ app_begin ] --START--
INFO: Run Behavior\ReadHtmlCacheBehavior [ RunTime:0.001000s ]
INFO: [ app_begin ] --END-- [ RunTime:0.001000s ]
NOTIC: [2] Illegal string offset 'content' D:\phpStudy\WWW\wxx\home\Home\Controller\IndexController.class.php 第 137 行.
NOTIC: [8] Undefined variable: result D:\phpStudy\WWW\wxx\home\Home\Controller\IndexController.class.php 第 184 行.
NOTIC: [2] Illegal string offset 'content' D:\phpStudy\WWW\wxx\home\Home\Controller\IndexController.class.php 第 137 行.
NOTIC: [2] Illegal string offset 'content' D:\phpStudy\WWW\wxx\home\Home\Controller\IndexController.class.php 第 138 行.
INFO: [ app_end ] --START--
INFO: Run Behavior\ShowPageTraceBehavior [ RunTime:0.001001s ]
INFO: [ app_end ] --END-- [ RunTime:0.001001s ]

[ 2017-06-13T15:58:09+08:00 ] ::1 /wxx/index.php/Home/Index/test7
INFO: [ app_init ] --START--
INFO: Run Behavior\BuildLiteBehavior [ RunTime:0.000000s ]
INFO: [ app_init ] --END-- [ RunTime:0.001000s ]
INFO: [ app_begin ] --START--
INFO: Run Behavior\ReadHtmlCacheBehavior [ RunTime:0.001000s ]
INFO: [ app_begin ] --END-- [ RunTime:0.001000s ]
NOTIC: [2] Illegal string offset 'content' D:\phpStudy\WWW\wxx\home\Home\Controller\IndexController.class.php 第 137 行.
NOTIC: [2] Illegal string offset 'content' D:\phpStudy\WWW\wxx\home\Home\Controller\IndexController.class.php 第 137 行.
NOTIC: [2] Illegal string offset 'content' D:\phpStudy\WWW\wxx\home\Home\Controller\IndexController.class.php 第 138 行.
INFO: [ app_end ] --START--
INFO: Run Behavior\ShowPageTraceBehavior [ RunTime:0.002000s ]
INFO: [ app_end ] --END-- [ RunTime:0.002000s ]

[ 2017-06-13T15:58:32+08:00 ] ::1 /wxx/index.php/Home/Index/test7
INFO: [ app_init ] --START--
INFO: Run Behavior\BuildLiteBehavior [ RunTime:0.000000s ]
INFO: [ app_init ] --END-- [ RunTime:0.000000s ]
INFO: [ app_begin ] --START--
INFO: Run Behavior\ReadHtmlCacheBehavior [ RunTime:0.000000s ]
INFO: [ app_begin ] --END-- [ RunTime:0.000000s ]
NOTIC: [2] Illegal string offset 'content' D:\phpStudy\WWW\wxx\home\Home\Controller\IndexController.class.php 第 137 行.
NOTIC: [2] Illegal string offset 'content' D:\phpStudy\WWW\wxx\home\Home\Controller\IndexController.class.php 第 138 行.
NOTIC: [2] Illegal string offset 'content' D:\phpStudy\WWW\wxx\home\Home\Controller\IndexController.class.php 第 138 行.
INFO: [ app_end ] --START--
INFO: Run Behavior\ShowPageTraceBehavior [ RunTime:0.000000s ]
INFO: [ app_end ] --END-- [ RunTime:0.000000s ]

[ 2017-06-13T15:59:55+08:00 ] ::1 /wxx/index.php/Home/Index/test7
INFO: [ app_init ] --START--
INFO: Run Behavior\BuildLiteBehavior [ RunTime:0.000000s ]
INFO: [ app_init ] --END-- [ RunTime:0.000000s ]
INFO: [ app_begin ] --START--
INFO: Run Behavior\ReadHtmlCacheBehavior [ RunTime:0.001000s ]
INFO: [ app_begin ] --END-- [ RunTime:0.001000s ]
NOTIC: [2] Illegal string offset 'content' D:\phpStudy\WWW\wxx\home\Home\Controller\IndexController.class.php 第 138 行.
NOTIC: [2] Illegal string offset 'content' D:\phpStudy\WWW\wxx\home\Home\Controller\IndexController.class.php 第 139 行.
NOTIC: [2] Illegal string offset 'content' D:\phpStudy\WWW\wxx\home\Home\Controller\IndexController.class.php 第 139 行.
INFO: [ app_end ] --START--
INFO: Run Behavior\ShowPageTraceBehavior [ RunTime:0.001000s ]
INFO: [ app_end ] --END-- [ RunTime:0.001000s ]

[ 2017-06-13T16:00:33+08:00 ] ::1 /wxx/index.php/Home/Index/test7
INFO: [ app_init ] --START--
INFO: Run Behavior\BuildLiteBehavior [ RunTime:0.000000s ]
INFO: [ app_init ] --END-- [ RunTime:0.000000s ]
INFO: [ app_begin ] --START--
INFO: Run Behavior\ReadHtmlCacheBehavior [ RunTime:0.000000s ]
INFO: [ app_begin ] --END-- [ RunTime:0.000000s ]
NOTIC: [2] Illegal string offset 'content' D:\phpStudy\WWW\wxx\home\Home\Controller\IndexController.class.php 第 138 行.
NOTIC: [2] Illegal string offset 'content' D:\phpStudy\WWW\wxx\home\Home\Controller\IndexController.class.php 第 138 行.
INFO: [ app_end ] --START--
INFO: Run Behavior\ShowPageTraceBehavior [ RunTime:0.001000s ]
INFO: [ app_end ] --END-- [ RunTime:0.001000s ]

[ 2017-06-13T16:01:26+08:00 ] ::1 /wxx/index.php/Home/Index/test7
INFO: [ app_init ] --START--
INFO: Run Behavior\BuildLiteBehavior [ RunTime:0.000000s ]
INFO: [ app_init ] --END-- [ RunTime:0.000000s ]
INFO: [ app_begin ] --START--
INFO: Run Behavior\ReadHtmlCacheBehavior [ RunTime:0.001000s ]
INFO: [ app_begin ] --END-- [ RunTime:0.001000s ]

[ 2017-06-13T16:01:51+08:00 ] ::1 /wxx/index.php/Home/Index/test7
INFO: [ app_init ] --START--
INFO: Run Behavior\BuildLiteBehavior [ RunTime:0.000000s ]
INFO: [ app_init ] --END-- [ RunTime:0.000000s ]
INFO: [ app_begin ] --START--
INFO: Run Behavior\ReadHtmlCacheBehavior [ RunTime:0.001000s ]
INFO: [ app_begin ] --END-- [ RunTime:0.001000s ]
NOTIC: [8] Undefined index: save_path D:\phpStudy\WWW\wxx\home\Home\Controller\IndexController.class.php 第 174 行.
NOTIC: [2] preg_replace(): Delimiter must not be alphanumeric or backslash D:\phpStudy\WWW\wxx\home\Home\Controller\IndexController.class.php 第 178 行.
NOTIC: [8] Undefined index: save_path D:\phpStudy\WWW\wxx\home\Home\Controller\IndexController.class.php 第 174 行.
NOTIC: [2] preg_replace(): Delimiter must not be alphanumeric or backslash D:\phpStudy\WWW\wxx\home\Home\Controller\IndexController.class.php 第 178 行.
INFO: [ app_end ] --START--
INFO: Run Behavior\ShowPageTraceBehavior [ RunTime:0.002000s ]
INFO: [ app_end ] --END-- [ RunTime:0.002000s ]

[ 2017-06-13T16:02:11+08:00 ] ::1 /wxx/index.php/Home/Index/test7
INFO: [ app_init ] --START--
INFO: Run Behavior\BuildLiteBehavior [ RunTime:0.000000s ]
INFO: [ app_init ] --END-- [ RunTime:0.001000s ]
INFO: [ app_begin ] --START--
INFO: Run Behavior\ReadHtmlCacheBehavior [ RunTime:0.002000s ]
INFO: [ app_begin ] --END-- [ RunTime:0.002000s ]
NOTIC: [8] Undefined index: save_path D:\phpStudy\WWW\wxx\home\Home\Controller\IndexController.class.php 第 174 行.
NOTIC: [2] preg_replace(): Delimiter must not be alphanumeric or backslash D:\phpStudy\WWW\wxx\home\Home\Controller\IndexController.class.php 第 178 行.
NOTIC: [8] Undefined index: save_path D:\phpStudy\WWW\wxx\home\Home\Controller\IndexController.class.php 第 174 行.
NOTIC: [8] Undefined index: url D:\phpStudy\WWW\wxx\home\Home\Controller\MediaController.class.php 第 51 行.
NOTIC: [2] preg_replace(): Delimiter must not be alphanumeric or backslash D:\phpStudy\WWW\wxx\home\Home\Controller\IndexController.class.php 第 178 行.
INFO: [ app_end ] --START--
INFO: Run Behavior\ShowPageTraceBehavior [ RunTime:0.001000s ]
INFO: [ app_end ] --END-- [ RunTime:0.001000s ]

[ 2017-06-13T16:03:43+08:00 ] ::1 /wxx/index.php/Home/Index/test7
INFO: [ app_init ] --START--
INFO: Run Behavior\BuildLiteBehavior [ RunTime:0.000000s ]
INFO: [ app_init ] --END-- [ RunTime:0.001000s ]
INFO: [ app_begin ] --START--
INFO: Run Behavior\ReadHtmlCacheBehavior [ RunTime:0.000000s ]
INFO: [ app_begin ] --END-- [ RunTime:0.000000s ]
NOTIC: [8] Undefined index: save_path D:\phpStudy\WWW\wxx\home\Home\Controller\IndexController.class.php 第 175 行.
NOTIC: [8] Undefined index: url D:\phpStudy\WWW\wxx\home\Home\Controller\MediaController.class.php 第 51 行.
NOTIC: [2] preg_replace(): Delimiter must not be alphanumeric or backslash D:\phpStudy\WWW\wxx\home\Home\Controller\IndexController.class.php 第 179 行.
NOTIC: [8] Undefined index: save_path D:\phpStudy\WWW\wxx\home\Home\Controller\IndexController.class.php 第 175 行.
NOTIC: [8] Undefined index: url D:\phpStudy\WWW\wxx\home\Home\Controller\MediaController.class.php 第 51 行.
NOTIC: [2] preg_replace(): Delimiter must not be alphanumeric or backslash D:\phpStudy\WWW\wxx\home\Home\Controller\IndexController.class.php 第 179 行.
INFO: [ app_end ] --START--
INFO: Run Behavior\ShowPageTraceBehavior [ RunTime:0.001000s ]
INFO: [ app_end ] --END-- [ RunTime:0.001000s ]

[ 2017-06-13T16:09:16+08:00 ] ::1 /wxx/index.php/Home/Index/test7
INFO: [ app_init ] --START--
INFO: Run Behavior\BuildLiteBehavior [ RunTime:0.000000s ]
INFO: [ app_init ] --END-- [ RunTime:0.000000s ]
INFO: [ app_begin ] --START--
INFO: Run Behavior\ReadHtmlCacheBehavior [ RunTime:0.001000s ]
INFO: [ app_begin ] --END-- [ RunTime:0.001000s ]
NOTIC: [8] Undefined index: save_path D:\phpStudy\WWW\wxx\home\Home\Controller\IndexController.class.php 第 175 行.
NOTIC: [8] Undefined index: url D:\phpStudy\WWW\wxx\home\Home\Controller\MediaController.class.php 第 51 行.
NOTIC: [2] preg_replace(): Delimiter must not be alphanumeric or backslash D:\phpStudy\WWW\wxx\home\Home\Controller\IndexController.class.php 第 179 行.
NOTIC: [8] Undefined index: save_path D:\phpStudy\WWW\wxx\home\Home\Controller\IndexController.class.php 第 175 行.
NOTIC: [8] Undefined index: url D:\phpStudy\WWW\wxx\home\Home\Controller\MediaController.class.php 第 51 行.
NOTIC: [2] preg_replace(): Delimiter must not be alphanumeric or backslash D:\phpStudy\WWW\wxx\home\Home\Controller\IndexController.class.php 第 179 行.
NOTIC: [8] Undefined index: thumb_media_id D:\phpStudy\WWW\wxx\home\Home\Controller\IndexController.class.php 第 257 行.
INFO: [ app_end ] --START--
INFO: Run Behavior\ShowPageTraceBehavior [ RunTime:0.001000s ]
INFO: [ app_end ] --END-- [ RunTime:0.001000s ]

[ 2017-06-13T16:11:49+08:00 ] ::1 /wxx/index.php/Home/Index/test7
INFO: [ app_init ] --START--
INFO: Run Behavior\BuildLiteBehavior [ RunTime:0.000000s ]
INFO: [ app_init ] --END-- [ RunTime:0.001001s ]
INFO: [ app_begin ] --START--
INFO: Run Behavior\ReadHtmlCacheBehavior [ RunTime:0.001000s ]
INFO: [ app_begin ] --END-- [ RunTime:0.001000s ]
NOTIC: [8] Undefined index: save_path D:\phpStudy\WWW\wxx\home\Home\Controller\IndexController.class.php 第 175 行.
NOTIC: [8] Undefined index: url D:\phpStudy\WWW\wxx\home\Home\Controller\MediaController.class.php 第 51 行.
NOTIC: [2] preg_replace(): Delimiter must not be alphanumeric or backslash D:\phpStudy\WWW\wxx\home\Home\Controller\IndexController.class.php 第 179 行.
NOTIC: [8] Undefined index: save_path D:\phpStudy\WWW\wxx\home\Home\Controller\IndexController.class.php 第 175 行.
NOTIC: [8] Undefined index: url D:\phpStudy\WWW\wxx\home\Home\Controller\MediaController.class.php 第 51 行.
NOTIC: [2] preg_replace(): Delimiter must not be alphanumeric or backslash D:\phpStudy\WWW\wxx\home\Home\Controller\IndexController.class.php 第 179 行.
NOTIC: [8] Undefined index: thumb_media_id D:\phpStudy\WWW\wxx\home\Home\Controller\IndexController.class.php 第 257 行.
INFO: [ app_end ] --START--
INFO: Run Behavior\ShowPageTraceBehavior [ RunTime:0.001000s ]
INFO: [ app_end ] --END-- [ RunTime:0.001000s ]

[ 2017-06-13T16:12:11+08:00 ] ::1 /wxx/index.php/Home/Index/test7
INFO: [ app_init ] --START--
INFO: Run Behavior\BuildLiteBehavior [ RunTime:0.000000s ]
INFO: [ app_init ] --END-- [ RunTime:0.000000s ]
INFO: [ app_begin ] --START--
INFO: Run Behavior\ReadHtmlCacheBehavior [ RunTime:0.001000s ]
INFO: [ app_begin ] --END-- [ RunTime:0.001000s ]
NOTIC: [8] Undefined index: thumb_media_id D:\phpStudy\WWW\wxx\home\Home\Controller\IndexController.class.php 第 257 行.
INFO: [ app_end ] --START--
INFO: Run Behavior\ShowPageTraceBehavior [ RunTime:0.000000s ]
INFO: [ app_end ] --END-- [ RunTime:0.000000s ]

[ 2017-06-13T16:48:20+08:00 ] ::1 /wxx/index.php/Home/Index/test7
INFO: [ app_init ] --START--
INFO: Run Behavior\BuildLiteBehavior [ RunTime:0.000000s ]
INFO: [ app_init ] --END-- [ RunTime:0.001000s ]
INFO: [ app_begin ] --START--
INFO: Run Behavior\ReadHtmlCacheBehavior [ RunTime:0.002000s ]
INFO: [ app_begin ] --END-- [ RunTime:0.002000s ]
NOTIC: [8] Undefined index: thumb_media_id D:\phpStudy\WWW\wxx\home\Home\Controller\IndexController.class.php 第 257 行.
INFO: [ app_end ] --START--
INFO: Run Behavior\ShowPageTraceBehavior [ RunTime:0.001000s ]
INFO: [ app_end ] --END-- [ RunTime:0.001000s ]

[ 2017-06-13T16:53:59+08:00 ] ::1 /wxx/index.php/Home/Index/test7
INFO: [ app_init ] --START--
INFO: Run Behavior\BuildLiteBehavior [ RunTime:0.000000s ]
INFO: [ app_init ] --END-- [ RunTime:0.000000s ]
INFO: [ app_begin ] --START--
INFO: Run Behavior\ReadHtmlCacheBehavior [ RunTime:0.000000s ]
INFO: [ app_begin ] --END-- [ RunTime:0.001000s ]
INFO: [ app_end ] --START--
INFO: Run Behavior\ShowPageTraceBehavior [ RunTime:0.002000s ]
INFO: [ app_end ] --END-- [ RunTime:0.002000s ]

[ 2017-06-13T16:55:01+08:00 ] ::1 /wxx/index.php/Home/Index/test7
INFO: [ app_init ] --START--
INFO: Run Behavior\BuildLiteBehavior [ RunTime:0.000000s ]
INFO: [ app_init ] --END-- [ RunTime:0.000000s ]
INFO: [ app_begin ] --START--
INFO: Run Behavior\ReadHtmlCacheBehavior [ RunTime:0.001000s ]
INFO: [ app_begin ] --END-- [ RunTime:0.001000s ]
INFO: [ app_end ] --START--
INFO: Run Behavior\ShowPageTraceBehavior [ RunTime:0.002000s ]
INFO: [ app_end ] --END-- [ RunTime:0.002000s ]

[ 2017-06-13T16:55:33+08:00 ] ::1 /wxx/index.php/Home/Index/test7
INFO: [ app_init ] --START--
INFO: Run Behavior\BuildLiteBehavior [ RunTime:0.000000s ]
INFO: [ app_init ] --END-- [ RunTime:0.001000s ]
INFO: [ app_begin ] --START--
INFO: Run Behavior\ReadHtmlCacheBehavior [ RunTime:0.001000s ]
INFO: [ app_begin ] --END-- [ RunTime:0.001000s ]
INFO: [ app_end ] --START--
INFO: Run Behavior\ShowPageTraceBehavior [ RunTime:0.001000s ]
INFO: [ app_end ] --END-- [ RunTime:0.001000s ]

[ 2017-06-13T16:55:39+08:00 ] ::1 /wxx/index.php/Home/Index/test7
INFO: [ app_init ] --START--
INFO: Run Behavior\BuildLiteBehavior [ RunTime:0.000000s ]
INFO: [ app_init ] --END-- [ RunTime:0.000000s ]
INFO: [ app_begin ] --START--
INFO: Run Behavior\ReadHtmlCacheBehavior [ RunTime:0.001000s ]
INFO: [ app_begin ] --END-- [ RunTime:0.001000s ]
INFO: [ app_end ] --START--
INFO: Run Behavior\ShowPageTraceBehavior [ RunTime:0.001000s ]
INFO: [ app_end ] --END-- [ RunTime:0.001000s ]

[ 2017-06-13T16:56:00+08:00 ] ::1 /wxx/index.php/Home/Index/test7
INFO: [ app_init ] --START--
INFO: Run Behavior\BuildLiteBehavior [ RunTime:0.000000s ]
INFO: [ app_init ] --END-- [ RunTime:0.001000s ]
INFO: [ app_begin ] --START--
INFO: Run Behavior\ReadHtmlCacheBehavior [ RunTime:0.001000s ]
INFO: [ app_begin ] --END-- [ RunTime:0.001000s ]

[ 2017-06-13T16:56:09+08:00 ] ::1 /wxx/index.php/Home/Index/test7
INFO: [ app_init ] --START--
INFO: Run Behavior\BuildLiteBehavior [ RunTime:0.000000s ]
INFO: [ app_init ] --END-- [ RunTime:0.001000s ]
INFO: [ app_begin ] --START--
INFO: Run Behavior\ReadHtmlCacheBehavior [ RunTime:0.001000s ]
INFO: [ app_begin ] --END-- [ RunTime:0.001000s ]
INFO: [ app_end ] --START--
INFO: Run Behavior\ShowPageTraceBehavior [ RunTime:0.002000s ]
INFO: [ app_end ] --END-- [ RunTime:0.002000s ]

[ 2017-06-13T16:57:41+08:00 ] ::1 /wxx/index.php/Home/Index/test7
INFO: [ app_init ] --START--
INFO: Run Behavior\BuildLiteBehavior [ RunTime:0.000000s ]
INFO: [ app_init ] --END-- [ RunTime:0.000000s ]
INFO: [ app_begin ] --START--
INFO: Run Behavior\ReadHtmlCacheBehavior [ RunTime:0.001001s ]
INFO: [ app_begin ] --END-- [ RunTime:0.001001s ]
NOTIC: [8] Undefined index: save_path D:\phpStudy\WWW\wxx\home\Home\Controller\IndexController.class.php 第 173 行.
NOTIC: [8] Undefined index: url D:\phpStudy\WWW\wxx\home\Home\Controller\MediaController.class.php 第 51 行.
NOTIC: [2] preg_replace(): Delimiter must not be alphanumeric or backslash D:\phpStudy\WWW\wxx\home\Home\Controller\IndexController.class.php 第 177 行.
NOTIC: [8] Undefined index: save_path D:\phpStudy\WWW\wxx\home\Home\Controller\IndexController.class.php 第 173 行.
NOTIC: [8] Undefined index: url D:\phpStudy\WWW\wxx\home\Home\Controller\MediaController.class.php 第 51 行.
NOTIC: [2] preg_replace(): Delimiter must not be alphanumeric or backslash D:\phpStudy\WWW\wxx\home\Home\Controller\IndexController.class.php 第 177 行.
INFO: [ app_end ] --START--
INFO: Run Behavior\ShowPageTraceBehavior [ RunTime:0.001000s ]
INFO: [ app_end ] --END-- [ RunTime:0.001000s ]

[ 2017-06-13T17:00:06+08:00 ] ::1 /wxx/index.php/Home/Index/test7
INFO: [ app_init ] --START--
INFO: Run Behavior\BuildLiteBehavior [ RunTime:0.000000s ]
INFO: [ app_init ] --END-- [ RunTime:0.001000s ]
INFO: [ app_begin ] --START--
INFO: Run Behavior\ReadHtmlCacheBehavior [ RunTime:0.000000s ]
INFO: [ app_begin ] --END-- [ RunTime:0.000000s ]
NOTIC: [8] Undefined index: save_path D:\phpStudy\WWW\wxx\home\Home\Controller\IndexController.class.php 第 173 行.
NOTIC: [8] Undefined index: url D:\phpStudy\WWW\wxx\home\Home\Controller\MediaController.class.php 第 51 行.
NOTIC: [2] preg_replace(): Delimiter must not be alphanumeric or backslash D:\phpStudy\WWW\wxx\home\Home\Controller\IndexController.class.php 第 177 行.
NOTIC: [8] Undefined index: save_path D:\phpStudy\WWW\wxx\home\Home\Controller\IndexController.class.php 第 173 行.
NOTIC: [8] Undefined index: url D:\phpStudy\WWW\wxx\home\Home\Controller\MediaController.class.php 第 51 行.
NOTIC: [2] preg_replace(): Delimiter must not be alphanumeric or backslash D:\phpStudy\WWW\wxx\home\Home\Controller\IndexController.class.php 第 177 行.
INFO: [ app_end ] --START--
INFO: Run Behavior\ShowPageTraceBehavior [ RunTime:0.001000s ]
INFO: [ app_end ] --END-- [ RunTime:0.001000s ]

[ 2017-06-13T17:01:28+08:00 ] ::1 /wxx/index.php/Home/Index/test7
INFO: [ app_init ] --START--
INFO: Run Behavior\BuildLiteBehavior [ RunTime:0.000000s ]
INFO: [ app_init ] --END-- [ RunTime:0.001000s ]
INFO: [ app_begin ] --START--
INFO: Run Behavior\ReadHtmlCacheBehavior [ RunTime:0.001000s ]
INFO: [ app_begin ] --END-- [ RunTime:0.001000s ]
NOTIC: [8] Undefined index: save_path D:\phpStudy\WWW\wxx\home\Home\Controller\IndexController.class.php 第 173 行.
NOTIC: [8] Undefined index: url D:\phpStudy\WWW\wxx\home\Home\Controller\MediaController.class.php 第 51 行.
NOTIC: [2] preg_replace(): Delimiter must not be alphanumeric or backslash D:\phpStudy\WWW\wxx\home\Home\Controller\IndexController.class.php 第 177 行.
NOTIC: [8] Undefined index: save_path D:\phpStudy\WWW\wxx\home\Home\Controller\IndexController.class.php 第 173 行.
NOTIC: [8] Undefined index: url D:\phpStudy\WWW\wxx\home\Home\Controller\MediaController.class.php 第 51 行.
NOTIC: [2] preg_replace(): Delimiter must not be alphanumeric or backslash D:\phpStudy\WWW\wxx\home\Home\Controller\IndexController.class.php 第 177 行.
INFO: [ app_end ] --START--
INFO: Run Behavior\ShowPageTraceBehavior [ RunTime:0.002000s ]
INFO: [ app_end ] --END-- [ RunTime:0.002000s ]

[ 2017-06-13T17:03:52+08:00 ] ::1 /wxx/index.php/Home/Index/test7
INFO: [ app_init ] --START--
INFO: Run Behavior\BuildLiteBehavior [ RunTime:0.000000s ]
INFO: [ app_init ] --END-- [ RunTime:0.001000s ]
INFO: [ app_begin ] --START--
INFO: Run Behavior\ReadHtmlCacheBehavior [ RunTime:0.001000s ]
INFO: [ app_begin ] --END-- [ RunTime:0.001000s ]
NOTIC: [8] Undefined index: url D:\phpStudy\WWW\wxx\home\Home\Controller\MediaController.class.php 第 51 行.
NOTIC: [2] preg_replace(): Delimiter must not be alphanumeric or backslash D:\phpStudy\WWW\wxx\home\Home\Controller\IndexController.class.php 第 176 行.
NOTIC: [8] Undefined index: url D:\phpStudy\WWW\wxx\home\Home\Controller\MediaController.class.php 第 51 行.
NOTIC: [2] preg_replace(): Delimiter must not be alphanumeric or backslash D:\phpStudy\WWW\wxx\home\Home\Controller\IndexController.class.php 第 176 行.
INFO: [ app_end ] --START--
INFO: Run Behavior\ShowPageTraceBehavior [ RunTime:0.002000s ]
INFO: [ app_end ] --END-- [ RunTime:0.002000s ]

[ 2017-06-13T17:04:38+08:00 ] ::1 /wxx/index.php/Home/Index/test7
INFO: [ app_init ] --START--
INFO: Run Behavior\BuildLiteBehavior [ RunTime:0.000000s ]
INFO: [ app_init ] --END-- [ RunTime:0.001000s ]
INFO: [ app_begin ] --START--
INFO: Run Behavior\ReadHtmlCacheBehavior [ RunTime:0.001000s ]
INFO: [ app_begin ] --END-- [ RunTime:0.002000s ]
NOTIC: [8] Undefined index: url D:\phpStudy\WWW\wxx\home\Home\Controller\MediaController.class.php 第 50 行.
NOTIC: [2] preg_replace(): Delimiter must not be alphanumeric or backslash D:\phpStudy\WWW\wxx\home\Home\Controller\IndexController.class.php 第 176 行.
NOTIC: [8] Undefined index: url D:\phpStudy\WWW\wxx\home\Home\Controller\MediaController.class.php 第 50 行.
NOTIC: [2] preg_replace(): Delimiter must not be alphanumeric or backslash D:\phpStudy\WWW\wxx\home\Home\Controller\IndexController.class.php 第 176 行.
INFO: [ app_end ] --START--
INFO: Run Behavior\ShowPageTraceBehavior [ RunTime:0.001000s ]
INFO: [ app_end ] --END-- [ RunTime:0.002000s ]

[ 2017-06-13T17:05:22+08:00 ] ::1 /wxx/index.php/Home/Index/test7
INFO: [ app_init ] --START--
INFO: Run Behavior\BuildLiteBehavior [ RunTime:0.000000s ]
INFO: [ app_init ] --END-- [ RunTime:0.000000s ]
INFO: [ app_begin ] --START--
INFO: Run Behavior\ReadHtmlCacheBehavior [ RunTime:0.000000s ]
INFO: [ app_begin ] --END-- [ RunTime:0.000000s ]
NOTIC: [8] Undefined index: url D:\phpStudy\WWW\wxx\home\Home\Controller\MediaController.class.php 第 51 行.
NOTIC: [2] preg_replace(): Delimiter must not be alphanumeric or backslash D:\phpStudy\WWW\wxx\home\Home\Controller\IndexController.class.php 第 176 行.
NOTIC: [8] Undefined index: url D:\phpStudy\WWW\wxx\home\Home\Controller\MediaController.class.php 第 51 行.
NOTIC: [2] preg_replace(): Delimiter must not be alphanumeric or backslash D:\phpStudy\WWW\wxx\home\Home\Controller\IndexController.class.php 第 176 行.
INFO: [ app_end ] --START--
INFO: Run Behavior\ShowPageTraceBehavior [ RunTime:0.001000s ]
INFO: [ app_end ] --END-- [ RunTime:0.001000s ]

[ 2017-06-13T17:07:07+08:00 ] ::1 /wxx/index.php/Home/Index/test7
INFO: [ app_init ] --START--
INFO: Run Behavior\BuildLiteBehavior [ RunTime:0.000000s ]
INFO: [ app_init ] --END-- [ RunTime:0.000000s ]
INFO: [ app_begin ] --START--
INFO: Run Behavior\ReadHtmlCacheBehavior [ RunTime:0.001000s ]
INFO: [ app_begin ] --END-- [ RunTime:0.001000s ]
NOTIC: [8] Undefined index: url D:\phpStudy\WWW\wxx\home\Home\Controller\MediaController.class.php 第 51 行.
NOTIC: [2] preg_replace(): Delimiter must not be alphanumeric or backslash D:\phpStudy\WWW\wxx\home\Home\Controller\IndexController.class.php 第 176 行.
NOTIC: [8] Undefined index: url D:\phpStudy\WWW\wxx\home\Home\Controller\MediaController.class.php 第 51 行.
NOTIC: [2] preg_replace(): Delimiter must not be alphanumeric or backslash D:\phpStudy\WWW\wxx\home\Home\Controller\IndexController.class.php 第 176 行.
INFO: [ app_end ] --START--
INFO: Run Behavior\ShowPageTraceBehavior [ RunTime:0.000000s ]
INFO: [ app_end ] --END-- [ RunTime:0.000000s ]

[ 2017-06-13T17:07:47+08:00 ] ::1 /wxx/index.php/Home/Index/test7
INFO: [ app_init ] --START--
INFO: Run Behavior\BuildLiteBehavior [ RunTime:0.000000s ]
INFO: [ app_init ] --END-- [ RunTime:0.001000s ]
INFO: [ app_begin ] --START--
INFO: Run Behavior\ReadHtmlCacheBehavior [ RunTime:0.000000s ]
INFO: [ app_begin ] --END-- [ RunTime:0.000000s ]
NOTIC: [8] Undefined index: url D:\phpStudy\WWW\wxx\home\Home\Controller\MediaController.class.php 第 51 行.
NOTIC: [2] preg_replace(): Delimiter must not be alphanumeric or backslash D:\phpStudy\WWW\wxx\home\Home\Controller\IndexController.class.php 第 176 行.
NOTIC: [8] Undefined index: url D:\phpStudy\WWW\wxx\home\Home\Controller\MediaController.class.php 第 51 行.
NOTIC: [2] preg_replace(): Delimiter must not be alphanumeric or backslash D:\phpStudy\WWW\wxx\home\Home\Controller\IndexController.class.php 第 176 行.
INFO: [ app_end ] --START--
INFO: Run Behavior\ShowPageTraceBehavior [ RunTime:0.002000s ]
INFO: [ app_end ] --END-- [ RunTime:0.002000s ]

[ 2017-06-13T17:10:27+08:00 ] ::1 /wxx/index.php/Home/Index/test7
INFO: [ app_init ] --START--
INFO: Run Behavior\BuildLiteBehavior [ RunTime:0.000000s ]
INFO: [ app_init ] --END-- [ RunTime:0.000000s ]
INFO: [ app_begin ] --START--
INFO: Run Behavior\ReadHtmlCacheBehavior [ RunTime:0.001000s ]
INFO: [ app_begin ] --END-- [ RunTime:0.001000s ]
NOTIC: [8] Undefined index: url D:\phpStudy\WWW\wxx\home\Home\Controller\MediaController.class.php 第 53 行.
NOTIC: [2] preg_replace(): Delimiter must not be alphanumeric or backslash D:\phpStudy\WWW\wxx\home\Home\Controller\IndexController.class.php 第 176 行.
NOTIC: [8] Undefined index: url D:\phpStudy\WWW\wxx\home\Home\Controller\MediaController.class.php 第 53 行.
NOTIC: [2] preg_replace(): Delimiter must not be alphanumeric or backslash D:\phpStudy\WWW\wxx\home\Home\Controller\IndexController.class.php 第 176 行.
INFO: [ app_end ] --START--
INFO: Run Behavior\ShowPageTraceBehavior [ RunTime:0.001000s ]
INFO: [ app_end ] --END-- [ RunTime:0.001000s ]

[ 2017-06-13T17:11:18+08:00 ] ::1 /wxx/index.php/Home/Index/test7
INFO: [ app_init ] --START--
INFO: Run Behavior\BuildLiteBehavior [ RunTime:0.000000s ]
INFO: [ app_init ] --END-- [ RunTime:0.000000s ]
INFO: [ app_begin ] --START--
INFO: Run Behavior\ReadHtmlCacheBehavior [ RunTime:0.001000s ]
INFO: [ app_begin ] --END-- [ RunTime:0.001000s ]
NOTIC: [8] Undefined index: url D:\phpStudy\WWW\wxx\home\Home\Controller\MediaController.class.php 第 53 行.
NOTIC: [2] preg_replace(): Delimiter must not be alphanumeric or backslash D:\phpStudy\WWW\wxx\home\Home\Controller\IndexController.class.php 第 176 行.
NOTIC: [8] Undefined index: url D:\phpStudy\WWW\wxx\home\Home\Controller\MediaController.class.php 第 53 行.
NOTIC: [2] preg_replace(): Delimiter must not be alphanumeric or backslash D:\phpStudy\WWW\wxx\home\Home\Controller\IndexController.class.php 第 176 行.
INFO: [ app_end ] --START--
INFO: Run Behavior\ShowPageTraceBehavior [ RunTime:0.001000s ]
INFO: [ app_end ] --END-- [ RunTime:0.001000s ]

[ 2017-06-13T17:13:23+08:00 ] ::1 /wxx/index.php/Home/Index/test7
INFO: [ app_init ] --START--
INFO: Run Behavior\BuildLiteBehavior [ RunTime:0.000000s ]
INFO: [ app_init ] --END-- [ RunTime:0.000000s ]
INFO: [ app_begin ] --START--
INFO: Run Behavior\ReadHtmlCacheBehavior [ RunTime:0.001000s ]
INFO: [ app_begin ] --END-- [ RunTime:0.001000s ]
NOTIC: [8] Undefined index: url D:\phpStudy\WWW\wxx\home\Home\Controller\MediaController.class.php 第 53 行.
NOTIC: [2] preg_replace(): Delimiter must not be alphanumeric or backslash D:\phpStudy\WWW\wxx\home\Home\Controller\IndexController.class.php 第 176 行.
NOTIC: [8] Undefined index: url D:\phpStudy\WWW\wxx\home\Home\Controller\MediaController.class.php 第 53 行.
NOTIC: [2] preg_replace(): Delimiter must not be alphanumeric or backslash D:\phpStudy\WWW\wxx\home\Home\Controller\IndexController.class.php 第 176 行.
INFO: [ app_end ] --START--
INFO: Run Behavior\ShowPageTraceBehavior [ RunTime:0.001001s ]
INFO: [ app_end ] --END-- [ RunTime:0.001001s ]

[ 2017-06-13T17:15:00+08:00 ] ::1 /wxx/index.php/Home/Index/test7
INFO: [ app_init ] --START--
INFO: Run Behavior\BuildLiteBehavior [ RunTime:0.000000s ]
INFO: [ app_init ] --END-- [ RunTime:0.001000s ]
INFO: [ app_begin ] --START--
INFO: Run Behavior\ReadHtmlCacheBehavior [ RunTime:0.001000s ]
INFO: [ app_begin ] --END-- [ RunTime:0.001000s ]
NOTIC: [8] Undefined index: url D:\phpStudy\WWW\wxx\home\Home\Controller\MediaController.class.php 第 53 行.
NOTIC: [2] preg_replace(): Delimiter must not be alphanumeric or backslash D:\phpStudy\WWW\wxx\home\Home\Controller\IndexController.class.php 第 176 行.
NOTIC: [8] Undefined index: url D:\phpStudy\WWW\wxx\home\Home\Controller\MediaController.class.php 第 53 行.
NOTIC: [2] preg_replace(): Delimiter must not be alphanumeric or backslash D:\phpStudy\WWW\wxx\home\Home\Controller\IndexController.class.php 第 176 行.
INFO: [ app_end ] --START--
INFO: Run Behavior\ShowPageTraceBehavior [ RunTime:0.001000s ]
INFO: [ app_end ] --END-- [ RunTime:0.001000s ]

[ 2017-06-13T17:15:00+08:00 ] ::1 /wxx/index.php/Home/Index/test7
INFO: [ app_init ] --START--
INFO: Run Behavior\BuildLiteBehavior [ RunTime:0.000000s ]
INFO: [ app_init ] --END-- [ RunTime:0.000000s ]
INFO: [ app_begin ] --START--
INFO: Run Behavior\ReadHtmlCacheBehavior [ RunTime:0.001000s ]
INFO: [ app_begin ] --END-- [ RunTime:0.001000s ]
NOTIC: [8] Undefined variable: tmpInfo D:\phpStudy\WWW\wxx\home\Home\Controller\MediaController.class.php 第 52 行.
NOTIC: [2] preg_replace(): Delimiter must not be alphanumeric or backslash D:\phpStudy\WWW\wxx\home\Home\Controller\IndexController.class.php 第 176 行.
NOTIC: [8] Undefined variable: tmpInfo D:\phpStudy\WWW\wxx\home\Home\Controller\MediaController.class.php 第 52 行.
NOTIC: [2] preg_replace(): Delimiter must not be alphanumeric or backslash D:\phpStudy\WWW\wxx\home\Home\Controller\IndexController.class.php 第 176 行.
INFO: [ app_end ] --START--
INFO: Run Behavior\ShowPageTraceBehavior [ RunTime:0.001001s ]
INFO: [ app_end ] --END-- [ RunTime:0.001001s ]

[ 2017-06-13T17:16:12+08:00 ] ::1 /wxx/index.php/Home/Index/test7
INFO: [ app_init ] --START--
INFO: Run Behavior\BuildLiteBehavior [ RunTime:0.000000s ]
INFO: [ app_init ] --END-- [ RunTime:0.001000s ]
INFO: [ app_begin ] --START--
INFO: Run Behavior\ReadHtmlCacheBehavior [ RunTime:0.001000s ]
INFO: [ app_begin ] --END-- [ RunTime:0.001000s ]
NOTIC: [8] Undefined index: url D:\phpStudy\WWW\wxx\home\Home\Controller\MediaController.class.php 第 52 行.
NOTIC: [2] preg_replace(): Delimiter must not be alphanumeric or backslash D:\phpStudy\WWW\wxx\home\Home\Controller\IndexController.class.php 第 176 行.
NOTIC: [8] Undefined index: url D:\phpStudy\WWW\wxx\home\Home\Controller\MediaController.class.php 第 52 行.
NOTIC: [2] preg_replace(): Delimiter must not be alphanumeric or backslash D:\phpStudy\WWW\wxx\home\Home\Controller\IndexController.class.php 第 176 行.
INFO: [ app_end ] --START--
INFO: Run Behavior\ShowPageTraceBehavior [ RunTime:0.002001s ]
INFO: [ app_end ] --END-- [ RunTime:0.002001s ]

[ 2017-06-13T17:17:07+08:00 ] ::1 /wxx/index.php/Home/Index/test7
INFO: [ app_init ] --START--
INFO: Run Behavior\BuildLiteBehavior [ RunTime:0.000000s ]
INFO: [ app_init ] --END-- [ RunTime:0.001000s ]
INFO: [ app_begin ] --START--
INFO: Run Behavior\ReadHtmlCacheBehavior [ RunTime:0.001001s ]
INFO: [ app_begin ] --END-- [ RunTime:0.001001s ]
NOTIC: [2] preg_replace(): Delimiter must not be alphanumeric or backslash D:\phpStudy\WWW\wxx\home\Home\Controller\IndexController.class.php 第 176 行.
NOTIC: [2] preg_replace(): Delimiter must not be alphanumeric or backslash D:\phpStudy\WWW\wxx\home\Home\Controller\IndexController.class.php 第 176 行.
INFO: [ app_end ] --START--
INFO: Run Behavior\ShowPageTraceBehavior [ RunTime:0.002000s ]
INFO: [ app_end ] --END-- [ RunTime:0.002000s ]

[ 2017-06-13T17:18:56+08:00 ] ::1 /wxx/index.php/Home/Index/test7
INFO: [ app_init ] --START--
INFO: Run Behavior\BuildLiteBehavior [ RunTime:0.000000s ]
INFO: [ app_init ] --END-- [ RunTime:0.001000s ]
INFO: [ app_begin ] --START--
INFO: Run Behavior\ReadHtmlCacheBehavior [ RunTime:0.001000s ]
INFO: [ app_begin ] --END-- [ RunTime:0.001000s ]
NOTIC: [2] preg_replace(): Delimiter must not be alphanumeric or backslash D:\phpStudy\WWW\wxx\home\Home\Controller\IndexController.class.php 第 176 行.
NOTIC: [2] preg_replace(): Delimiter must not be alphanumeric or backslash D:\phpStudy\WWW\wxx\home\Home\Controller\IndexController.class.php 第 176 行.
INFO: [ app_end ] --START--
INFO: Run Behavior\ShowPageTraceBehavior [ RunTime:0.002000s ]
INFO: [ app_end ] --END-- [ RunTime:0.002000s ]

[ 2017-06-13T17:22:06+08:00 ] ::1 /wxx/index.php/Home/Index/test7
INFO: [ app_init ] --START--
INFO: Run Behavior\BuildLiteBehavior [ RunTime:0.000000s ]
INFO: [ app_init ] --END-- [ RunTime:0.001000s ]
INFO: [ app_begin ] --START--
INFO: Run Behavior\ReadHtmlCacheBehavior [ RunTime:0.001000s ]
INFO: [ app_begin ] --END-- [ RunTime:0.001000s ]
NOTIC: [2] preg_replace(): Delimiter must not be alphanumeric or backslash D:\phpStudy\WWW\wxx\home\Home\Controller\IndexController.class.php 第 176 行.
NOTIC: [2] preg_replace(): Delimiter must not be alphanumeric or backslash D:\phpStudy\WWW\wxx\home\Home\Controller\IndexController.class.php 第 176 行.
INFO: [ app_end ] --START--
INFO: Run Behavior\ShowPageTraceBehavior [ RunTime:0.002000s ]
INFO: [ app_end ] --END-- [ RunTime:0.002000s ]

[ 2017-06-13T17:28:24+08:00 ] ::1 /wxx/index.php/Home/Index/test7
INFO: [ app_init ] --START--
INFO: Run Behavior\BuildLiteBehavior [ RunTime:0.000000s ]
INFO: [ app_init ] --END-- [ RunTime:0.000000s ]
INFO: [ app_begin ] --START--
INFO: Run Behavior\ReadHtmlCacheBehavior [ RunTime:0.001000s ]
INFO: [ app_begin ] --END-- [ RunTime:0.001000s ]

[ 2017-06-13T17:29:06+08:00 ] ::1 /wxx/index.php/Home/Index/test7
INFO: [ app_init ] --START--
INFO: Run Behavior\BuildLiteBehavior [ RunTime:0.000000s ]
INFO: [ app_init ] --END-- [ RunTime:0.000000s ]
INFO: [ app_begin ] --START--
INFO: Run Behavior\ReadHtmlCacheBehavior [ RunTime:0.001000s ]
INFO: [ app_begin ] --END-- [ RunTime:0.001000s ]
NOTIC: [2] preg_replace(): Delimiter must not be alphanumeric or backslash D:\phpStudy\WWW\wxx\home\Home\Controller\IndexController.class.php 第 179 行.
INFO: [ app_end ] --START--
INFO: Run Behavior\ShowPageTraceBehavior [ RunTime:0.001000s ]
INFO: [ app_end ] --END-- [ RunTime:0.002000s ]

[ 2017-06-13T17:31:19+08:00 ] ::1 /wxx/index.php/Home/Index/test7
INFO: [ app_init ] --START--
INFO: Run Behavior\BuildLiteBehavior [ RunTime:0.000000s ]
INFO: [ app_init ] --END-- [ RunTime:0.000000s ]
INFO: [ app_begin ] --START--
INFO: Run Behavior\ReadHtmlCacheBehavior [ RunTime:0.001000s ]
INFO: [ app_begin ] --END-- [ RunTime:0.001000s ]
NOTIC: [2] preg_replace(): Delimiter must not be alphanumeric or backslash D:\phpStudy\WWW\wxx\home\Home\Controller\IndexController.class.php 第 179 行.
INFO: [ app_end ] --START--
INFO: Run Behavior\ShowPageTraceBehavior [ RunTime:0.001000s ]
INFO: [ app_end ] --END-- [ RunTime:0.001000s ]

[ 2017-06-13T17:39:24+08:00 ] ::1 /wxx/index.php/Home/Index/test7
INFO: [ app_init ] --START--
INFO: Run Behavior\BuildLiteBehavior [ RunTime:0.000000s ]
INFO: [ app_init ] --END-- [ RunTime:0.001000s ]
INFO: [ app_begin ] --START--
INFO: Run Behavior\ReadHtmlCacheBehavior [ RunTime:0.001000s ]
INFO: [ app_begin ] --END-- [ RunTime:0.001000s ]
NOTIC: [2] preg_replace(): Delimiter must not be alphanumeric or backslash D:\phpStudy\WWW\wxx\home\Home\Controller\IndexController.class.php 第 180 行.
INFO: [ app_end ] --START--
INFO: Run Behavior\ShowPageTraceBehavior [ RunTime:0.001000s ]
INFO: [ app_end ] --END-- [ RunTime:0.001000s ]

[ 2017-06-13T17:39:48+08:00 ] ::1 /wxx/index.php/Home/Index/test7
INFO: [ app_init ] --START--
INFO: Run Behavior\BuildLiteBehavior [ RunTime:0.000000s ]
INFO: [ app_init ] --END-- [ RunTime:0.001000s ]
INFO: [ app_begin ] --START--
INFO: Run Behavior\ReadHtmlCacheBehavior [ RunTime:0.001000s ]
INFO: [ app_begin ] --END-- [ RunTime:0.001000s ]
NOTIC: [2] preg_replace(): Delimiter must not be alphanumeric or backslash D:\phpStudy\WWW\wxx\home\Home\Controller\IndexController.class.php 第 180 行.
INFO: [ app_end ] --START--
INFO: Run Behavior\ShowPageTraceBehavior [ RunTime:0.001000s ]
INFO: [ app_end ] --END-- [ RunTime:0.001000s ]

[ 2017-06-13T17:40:07+08:00 ] ::1 /wxx/index.php/Home/Index/test7
INFO: [ app_init ] --START--
INFO: Run Behavior\BuildLiteBehavior [ RunTime:0.000000s ]
INFO: [ app_init ] --END-- [ RunTime:0.001000s ]
INFO: [ app_begin ] --START--
INFO: Run Behavior\ReadHtmlCacheBehavior [ RunTime:0.001000s ]
INFO: [ app_begin ] --END-- [ RunTime:0.001000s ]
NOTIC: [2] preg_replace(): Delimiter must not be alphanumeric or backslash D:\phpStudy\WWW\wxx\home\Home\Controller\IndexController.class.php 第 180 行.
INFO: [ app_end ] --START--
INFO: Run Behavior\ShowPageTraceBehavior [ RunTime:0.002000s ]
INFO: [ app_end ] --END-- [ RunTime:0.002000s ]

[ 2017-06-13T17:44:09+08:00 ] ::1 /wxx/index.php/Home/Index/test7
INFO: [ app_init ] --START--
INFO: Run Behavior\BuildLiteBehavior [ RunTime:0.000000s ]
INFO: [ app_init ] --END-- [ RunTime:0.000000s ]
INFO: [ app_begin ] --START--
INFO: Run Behavior\ReadHtmlCacheBehavior [ RunTime:0.001000s ]
INFO: [ app_begin ] --END-- [ RunTime:0.001000s ]
NOTIC: [8] Undefined index: thumb_media_id D:\phpStudy\WWW\wxx\home\Home\Controller\IndexController.class.php 第 257 行.
INFO: [ app_end ] --START--
INFO: Run Behavior\ShowPageTraceBehavior [ RunTime:0.001000s ]
INFO: [ app_end ] --END-- [ RunTime:0.001000s ]

[ 2017-06-13T17:44:38+08:00 ] ::1 /wxx/index.php/Home/Index/test7
INFO: [ app_init ] --START--
INFO: Run Behavior\BuildLiteBehavior [ RunTime:0.000000s ]
INFO: [ app_init ] --END-- [ RunTime:0.000000s ]
INFO: [ app_begin ] --START--
INFO: Run Behavior\ReadHtmlCacheBehavior [ RunTime:0.000000s ]
INFO: [ app_begin ] --END-- [ RunTime:0.000000s ]
NOTIC: [8] Undefined index: thumb_media_id D:\phpStudy\WWW\wxx\home\Home\Controller\IndexController.class.php 第 258 行.
INFO: [ app_end ] --START--
INFO: Run Behavior\ShowPageTraceBehavior [ RunTime:0.001000s ]
INFO: [ app_end ] --END-- [ RunTime:0.001000s ]

[ 2017-06-13T17:45:01+08:00 ] ::1 /wxx/index.php/Home/Index/test7
INFO: [ app_init ] --START--
INFO: Run Behavior\BuildLiteBehavior [ RunTime:0.000000s ]
INFO: [ app_init ] --END-- [ RunTime:0.001000s ]
INFO: [ app_begin ] --START--
INFO: Run Behavior\ReadHtmlCacheBehavior [ RunTime:0.001000s ]
INFO: [ app_begin ] --END-- [ RunTime:0.002000s ]
NOTIC: [8] Undefined index: thumb_media_id D:\phpStudy\WWW\wxx\home\Home\Controller\IndexController.class.php 第 257 行.
INFO: [ app_end ] --START--
INFO: Run Behavior\ShowPageTraceBehavior [ RunTime:0.001000s ]
INFO: [ app_end ] --END-- [ RunTime:0.001000s ]

[ 2017-06-13T17:45:51+08:00 ] ::1 /wxx/index.php/Home/Index/test7
INFO: [ app_init ] --START--
INFO: Run Behavior\BuildLiteBehavior [ RunTime:0.000000s ]
INFO: [ app_init ] --END-- [ RunTime:0.000000s ]
INFO: [ app_begin ] --START--
INFO: Run Behavior\ReadHtmlCacheBehavior [ RunTime:0.000000s ]
INFO: [ app_begin ] --END-- [ RunTime:0.000000s ]
NOTIC: [8] Undefined index: thumb_media_id D:\phpStudy\WWW\wxx\home\Home\Controller\IndexController.class.php 第 257 行.
INFO: [ app_end ] --START--
INFO: Run Behavior\ShowPageTraceBehavior [ RunTime:0.001000s ]
INFO: [ app_end ] --END-- [ RunTime:0.001000s ]

[ 2017-06-13T17:46:20+08:00 ] ::1 /wxx/index.php/Home/Index/test7
INFO: [ app_init ] --START--
INFO: Run Behavior\BuildLiteBehavior [ RunTime:0.000000s ]
INFO: [ app_init ] --END-- [ RunTime:0.001000s ]
INFO: [ app_begin ] --START--
INFO: Run Behavior\ReadHtmlCacheBehavior [ RunTime:0.001000s ]
INFO: [ app_begin ] --END-- [ RunTime:0.001000s ]
NOTIC: [8] Undefined index: thumb_media_id D:\phpStudy\WWW\wxx\home\Home\Controller\IndexController.class.php 第 257 行.
INFO: [ app_end ] --START--
INFO: Run Behavior\ShowPageTraceBehavior [ RunTime:0.001000s ]
INFO: [ app_end ] --END-- [ RunTime:0.001000s ]

[ 2017-06-13T17:46:28+08:00 ] ::1 /wxx/index.php/Home/Index/test7
INFO: [ app_init ] --START--
INFO: Run Behavior\BuildLiteBehavior [ RunTime:0.000000s ]
INFO: [ app_init ] --END-- [ RunTime:0.001000s ]
INFO: [ app_begin ] --START--
INFO: Run Behavior\ReadHtmlCacheBehavior [ RunTime:0.002001s ]
INFO: [ app_begin ] --END-- [ RunTime:0.002001s ]
NOTIC: [8] Undefined index: thumb_media_id D:\phpStudy\WWW\wxx\home\Home\Controller\IndexController.class.php 第 257 行.
INFO: [ app_end ] --START--
INFO: Run Behavior\ShowPageTraceBehavior [ RunTime:0.000000s ]
INFO: [ app_end ] --END-- [ RunTime:0.000000s ]

